Unity Editor version:    2022.3.21f1 (bf09ca542b87)
Branch:                  2022.3/staging
Build type:              Release
Batch mode:              YES
macOS version:           Version 15.3 (Build 24D5034f)
Darwin version:          24.3.0
Architecture:            arm64
Running under Rosetta:   NO
Available memory:        16384 MB
Using pre-set license
Pro License: YES

COMMAND LINE ARGUMENTS:
/Applications/Unity/Hub/Editor/2022.3.21f1/Unity.app/Contents/MacOS/Unity
-adb2
-batchMode
-noUpm
-name
AssetImportWorker0
-projectPath
/Users/serkanserter/popball/PopBall
-logFile
Logs/AssetImportWorker0.log
-srvPort
49189
Successfully changed project path to: /Users/serkanserter/popball/PopBall
/Users/serkanserter/popball/PopBall
[UnityMemory] Configuration Parameters - Can be set up in boot.config
    "memorysetup-bucket-allocator-granularity=16"
    "memorysetup-bucket-allocator-bucket-count=8"
    "memorysetup-bucket-allocator-block-size=33554432"
    "memorysetup-bucket-allocator-block-count=8"
    "memorysetup-main-allocator-block-size=16777216"
    "memorysetup-thread-allocator-block-size=16777216"
    "memorysetup-gfx-main-allocator-block-size=16777216"
    "memorysetup-gfx-thread-allocator-block-size=16777216"
    "memorysetup-cache-allocator-block-size=4194304"
    "memorysetup-typetree-allocator-block-size=2097152"
    "memorysetup-profiler-bucket-allocator-granularity=16"
    "memorysetup-profiler-bucket-allocator-bucket-count=8"
    "memorysetup-profiler-bucket-allocator-block-size=33554432"
    "memorysetup-profiler-bucket-allocator-block-count=8"
    "memorysetup-profiler-allocator-block-size=16777216"
    "memorysetup-profiler-editor-allocator-block-size=1048576"
    "memorysetup-temp-allocator-size-main=16777216"
    "memorysetup-job-temp-allocator-block-size=2097152"
    "memorysetup-job-temp-allocator-block-size-background=1048576"
    "memorysetup-job-temp-allocator-reduction-small-platforms=262144"
    "memorysetup-allocator-temp-initial-block-size-main=262144"
    "memorysetup-allocator-temp-initial-block-size-worker=262144"
    "memorysetup-temp-allocator-size-background-worker=32768"
    "memorysetup-temp-allocator-size-job-worker=262144"
    "memorysetup-temp-allocator-size-preload-manager=33554432"
    "memorysetup-temp-allocator-size-nav-mesh-worker=65536"
    "memorysetup-temp-allocator-size-audio-worker=65536"
    "memorysetup-temp-allocator-size-cloud-worker=32768"
    "memorysetup-temp-allocator-size-gi-baking-worker=262144"
    "memorysetup-temp-allocator-size-gfx=262144"
Player connection [8724662336] Host "[IP] 10.4.239.160 [Port] 0 [Flags] 2 [Guid] 2068764377 [EditorId] 2068764377 [Version] 1048832 [Id] OSXEditor(0,SERKAN-MacBook-Pro.local) [Debug] 1 [PackageName] OSXEditor [ProjectName] Editor" joined multi-casting on [225.0.0.222:54997]...

Player connection [8724662336] Host "[IP] 10.4.239.160 [Port] 0 [Flags] 2 [Guid] 2068764377 [EditorId] 2068764377 [Version] 1048832 [Id] OSXEditor(0,SERKAN-MacBook-Pro.local) [Debug] 1 [PackageName] OSXEditor [ProjectName] Editor" joined alternative multi-casting on [225.0.0.222:34997]...

[Physics::Module] Initialized MultithreadedJobDispatcher with 7 workers.
Refreshing native plugins compatible for Editor in 3.93 ms, found 2 plugins.
Preloading 0 native plugins for Editor in 0.00 ms.
Initialize engine version: 2022.3.21f1 (bf09ca542b87)
[Subsystems] Discovering subsystems at path /Applications/Unity/Hub/Editor/2022.3.21f1/Unity.app/Contents/Resources/UnitySubsystems
[Subsystems] Discovering subsystems at path /Users/serkanserter/popball/PopBall/Assets
GfxDevice: creating device client; threaded=0; jobified=0
 preferred device: Apple M2 (high power)
Metal devices available: 1
0: Apple M2 (high power)
Using device Apple M2 (high power)
Initializing Metal device caps: Apple M2
Initialize mono
Mono path[0] = '/Applications/Unity/Hub/Editor/2022.3.21f1/Unity.app/Contents/Managed'
Mono path[1] = '/Applications/Unity/Hub/Editor/2022.3.21f1/Unity.app/Contents/MonoBleedingEdge/lib/mono/unityjit-macos'
Mono config path = '/Applications/Unity/Hub/Editor/2022.3.21f1/Unity.app/Contents/MonoBleedingEdge/etc'
Using monoOptions --debugger-agent=transport=dt_socket,embedding=1,server=y,suspend=n,address=127.0.0.1:56254
Begin MonoManager ReloadAssembly
Registering precompiled unity dll's ...
Register platform support module: /Applications/Unity/Hub/Editor/2022.3.21f1/PlaybackEngines/WebGLSupport/UnityEditor.WebGL.Extensions.dll
Register platform support module: /Applications/Unity/Hub/Editor/2022.3.21f1/Unity.app/Contents/PlaybackEngines/MacStandaloneSupport/UnityEditor.OSXStandalone.Extensions.dll
Registered in 0.000956 seconds.
- Loaded All Assemblies, in  0.218 seconds
Native extension for OSXStandalone target not found
Native extension for WebGL target not found
Mono: successfully reloaded assembly
- Finished resetting the current domain, in  0.166 seconds
Domain Reload Profiling: 385ms
	BeginReloadAssembly (52ms)
		ExecutionOrderSort (0ms)
		DisableScriptedObjects (0ms)
		BackupInstance (0ms)
		ReleaseScriptingObjects (0ms)
		CreateAndSetChildDomain (0ms)
	RebuildCommonClasses (23ms)
	RebuildNativeTypeToScriptingClass (8ms)
	initialDomainReloadingComplete (31ms)
	LoadAllAssembliesAndSetupDomain (104ms)
		LoadAssemblies (53ms)
		RebuildTransferFunctionScriptingTraits (0ms)
		AnalyzeDomain (103ms)
			TypeCache.Refresh (102ms)
				TypeCache.ScanAssembly (91ms)
			ScanForSourceGeneratedMonoScriptInfo (0ms)
			ResolveRequiredComponents (0ms)
	FinalizeReload (166ms)
		ReleaseScriptCaches (0ms)
		RebuildScriptCaches (0ms)
		SetupLoadedEditorAssemblies (127ms)
			LogAssemblyErrors (0ms)
			InitializePlatformSupportModulesInManaged (5ms)
			SetLoadedEditorAssemblies (4ms)
			RefreshPlugins (0ms)
			BeforeProcessingInitializeOnLoad (1ms)
			ProcessInitializeOnLoadAttributes (87ms)
			ProcessInitializeOnLoadMethodAttributes (29ms)
			AfterProcessingInitializeOnLoad (0ms)
			EditorAssembliesLoaded (0ms)
		ExecutionOrderSort2 (0ms)
		AwakeInstancesAfterBackupRestoration (0ms)
========================================================================
Worker process is ready to serve import requests
Begin MonoManager ReloadAssembly
- Loaded All Assemblies, in  0.578 seconds
Refreshing native plugins compatible for Editor in 0.74 ms, found 2 plugins.
Native extension for OSXStandalone target not found
Native extension for WebGL target not found
Mono: successfully reloaded assembly
- Finished resetting the current domain, in  0.513 seconds
Domain Reload Profiling: 1093ms
	BeginReloadAssembly (210ms)
		ExecutionOrderSort (0ms)
		DisableScriptedObjects (5ms)
		BackupInstance (0ms)
		ReleaseScriptingObjects (0ms)
		CreateAndSetChildDomain (137ms)
	RebuildCommonClasses (31ms)
	RebuildNativeTypeToScriptingClass (8ms)
	initialDomainReloadingComplete (23ms)
	LoadAllAssembliesAndSetupDomain (307ms)
		LoadAssemblies (207ms)
		RebuildTransferFunctionScriptingTraits (0ms)
		AnalyzeDomain (137ms)
			TypeCache.Refresh (126ms)
				TypeCache.ScanAssembly (114ms)
			ScanForSourceGeneratedMonoScriptInfo (8ms)
			ResolveRequiredComponents (3ms)
	FinalizeReload (514ms)
		ReleaseScriptCaches (0ms)
		RebuildScriptCaches (0ms)
		SetupLoadedEditorAssemblies (387ms)
			LogAssemblyErrors (0ms)
			InitializePlatformSupportModulesInManaged (5ms)
			SetLoadedEditorAssemblies (5ms)
			RefreshPlugins (0ms)
			BeforeProcessingInitializeOnLoad (48ms)
			ProcessInitializeOnLoadAttributes (312ms)
			ProcessInitializeOnLoadMethodAttributes (16ms)
			AfterProcessingInitializeOnLoad (1ms)
			EditorAssembliesLoaded (0ms)
		ExecutionOrderSort2 (0ms)
		AwakeInstancesAfterBackupRestoration (2ms)
Launching external process: /Applications/Unity/Hub/Editor/2022.3.21f1/Unity.app/Contents/Tools/UnityShaderCompiler
Launched and connected shader compiler UnityShaderCompiler after 0.04 seconds
Refreshing native plugins compatible for Editor in 1.59 ms, found 2 plugins.
Preloading 0 native plugins for Editor in 0.00 ms.
Unloading 3108 Unused Serialized files (Serialized files now loaded: 0)
Unloading 33 unused Assets / (51.8 KB). Loaded Objects now: 3572.
Memory consumption went from 132.3 MB to 132.3 MB.
Total: 2.927041 ms (FindLiveObjects: 0.120709 ms CreateObjectMapping: 0.063166 ms MarkObjects: 2.669125 ms  DeleteObjects: 0.073541 ms)

AssetImportParameters requested are different than current active one (requested -> active):
  custom:container-demuxer-ogg: 62fdf1f143b41e24485cea50d1cbac27 -> 
  custom:video-decoder-ogg-theora: a1e56fd34408186e4bbccfd4996cb3dc -> 
  custom:CustomObjectIndexerAttribute: 9a22284fe3817be447336de3de66b15e -> 
  custom:container-demuxer-webm: 4f35f7cbe854078d1ac9338744f61a02 -> 
  custom:container-muxer-webm: aa71ff27fc2769a1b78a27578f13a17b -> 
  custom:video-decoder-webm-vp8: 9c59270c3fd7afecdb556c50c9e8de78 -> 
  custom:SearchIndexIgnoredProperties: e643bd26f0fe6173181afceb89e7c659 -> 
  custom:AudioImporter_EditorPlatform: 3918e3fc78b5a79bad01e8451be0beb8 -> 
  custom:framework-osx-AVFoundation: e770b220cccbd017edd2c1fefb359320 -> 
  custom:video-encoder-webm-vp8: eb34c28f22e8b96e1ab97ce403110664 -> 
  custom:audio-decoder-ogg-vorbis: bf7c407c2cedff20999df2af8eb42d56 -> 
  custom:audio-encoder-webm-vorbis: bf7c407c2cedff20999df2af8eb42d56 -> 
========================================================================
Received Prepare
Begin MonoManager ReloadAssembly
Thread 0x317687000 may have been prematurely finalized
- Loaded All Assemblies, in  0.252 seconds
Refreshing native plugins compatible for Editor in 0.55 ms, found 2 plugins.
Native extension for OSXStandalone target not found
Native extension for WebGL target not found
Mono: successfully reloaded assembly
- Finished resetting the current domain, in  0.678 seconds
Domain Reload Profiling: 930ms
	BeginReloadAssembly (82ms)
		ExecutionOrderSort (0ms)
		DisableScriptedObjects (2ms)
		BackupInstance (0ms)
		ReleaseScriptingObjects (0ms)
		CreateAndSetChildDomain (28ms)
	RebuildCommonClasses (22ms)
	RebuildNativeTypeToScriptingClass (8ms)
	initialDomainReloadingComplete (12ms)
	LoadAllAssembliesAndSetupDomain (128ms)
		LoadAssemblies (143ms)
		RebuildTransferFunctionScriptingTraits (0ms)
		AnalyzeDomain (14ms)
			TypeCache.Refresh (7ms)
				TypeCache.ScanAssembly (0ms)
			ScanForSourceGeneratedMonoScriptInfo (4ms)
			ResolveRequiredComponents (3ms)
	FinalizeReload (679ms)
		ReleaseScriptCaches (0ms)
		RebuildScriptCaches (0ms)
		SetupLoadedEditorAssemblies (273ms)
			LogAssemblyErrors (0ms)
			InitializePlatformSupportModulesInManaged (4ms)
			SetLoadedEditorAssemblies (3ms)
			RefreshPlugins (0ms)
			BeforeProcessingInitializeOnLoad (41ms)
			ProcessInitializeOnLoadAttributes (215ms)
			ProcessInitializeOnLoadMethodAttributes (10ms)
			AfterProcessingInitializeOnLoad (1ms)
			EditorAssembliesLoaded (0ms)
		ExecutionOrderSort2 (0ms)
		AwakeInstancesAfterBackupRestoration (3ms)
Refreshing native plugins compatible for Editor in 0.63 ms, found 2 plugins.
Preloading 0 native plugins for Editor in 0.00 ms.
Unloading 3101 Unused Serialized files (Serialized files now loaded: 0)
Unloading 24 unused Assets / (31.2 KB). Loaded Objects now: 3575.
Memory consumption went from 141.6 MB to 141.6 MB.
Total: 2.562459 ms (FindLiveObjects: 0.115875 ms CreateObjectMapping: 0.068625 ms MarkObjects: 2.340917 ms  DeleteObjects: 0.036583 ms)

Prepare: number of updated asset objects reloaded= 0
AssetImportParameters requested are different than current active one (requested -> active):
  custom:container-demuxer-ogg: 62fdf1f143b41e24485cea50d1cbac27 -> 
  custom:video-decoder-ogg-theora: a1e56fd34408186e4bbccfd4996cb3dc -> 
  custom:CustomObjectIndexerAttribute: 9a22284fe3817be447336de3de66b15e -> 
  custom:container-demuxer-webm: 4f35f7cbe854078d1ac9338744f61a02 -> 
  custom:container-muxer-webm: aa71ff27fc2769a1b78a27578f13a17b -> 
  custom:video-decoder-webm-vp8: 9c59270c3fd7afecdb556c50c9e8de78 -> 
  custom:SearchIndexIgnoredProperties: e643bd26f0fe6173181afceb89e7c659 -> 
  custom:AudioImporter_EditorPlatform: 3918e3fc78b5a79bad01e8451be0beb8 -> 
  custom:framework-osx-AVFoundation: e770b220cccbd017edd2c1fefb359320 -> 
  custom:video-encoder-webm-vp8: eb34c28f22e8b96e1ab97ce403110664 -> 
  custom:audio-decoder-ogg-vorbis: bf7c407c2cedff20999df2af8eb42d56 -> 
  custom:audio-encoder-webm-vorbis: bf7c407c2cedff20999df2af8eb42d56 -> 
========================================================================
Received Prepare
Begin MonoManager ReloadAssembly
Thread 0x17fd53000 may have been prematurely finalized
- Loaded All Assemblies, in  0.251 seconds
Refreshing native plugins compatible for Editor in 0.56 ms, found 2 plugins.
Native extension for OSXStandalone target not found
Native extension for WebGL target not found
Mono: successfully reloaded assembly
- Finished resetting the current domain, in  0.678 seconds
Domain Reload Profiling: 929ms
	BeginReloadAssembly (81ms)
		ExecutionOrderSort (0ms)
		DisableScriptedObjects (2ms)
		BackupInstance (0ms)
		ReleaseScriptingObjects (0ms)
		CreateAndSetChildDomain (27ms)
	RebuildCommonClasses (22ms)
	RebuildNativeTypeToScriptingClass (8ms)
	initialDomainReloadingComplete (13ms)
	LoadAllAssembliesAndSetupDomain (128ms)
		LoadAssemblies (143ms)
		RebuildTransferFunctionScriptingTraits (0ms)
		AnalyzeDomain (14ms)
			TypeCache.Refresh (7ms)
				TypeCache.ScanAssembly (0ms)
			ScanForSourceGeneratedMonoScriptInfo (4ms)
			ResolveRequiredComponents (3ms)
	FinalizeReload (679ms)
		ReleaseScriptCaches (0ms)
		RebuildScriptCaches (0ms)
		SetupLoadedEditorAssemblies (279ms)
			LogAssemblyErrors (0ms)
			InitializePlatformSupportModulesInManaged (4ms)
			SetLoadedEditorAssemblies (3ms)
			RefreshPlugins (0ms)
			BeforeProcessingInitializeOnLoad (43ms)
			ProcessInitializeOnLoadAttributes (219ms)
			ProcessInitializeOnLoadMethodAttributes (10ms)
			AfterProcessingInitializeOnLoad (1ms)
			EditorAssembliesLoaded (0ms)
		ExecutionOrderSort2 (0ms)
		AwakeInstancesAfterBackupRestoration (2ms)
Refreshing native plugins compatible for Editor in 0.66 ms, found 2 plugins.
Preloading 0 native plugins for Editor in 0.00 ms.
Unloading 3101 Unused Serialized files (Serialized files now loaded: 0)
Unloading 24 unused Assets / (31.1 KB). Loaded Objects now: 3578.
Memory consumption went from 151.9 MB to 151.9 MB.
Total: 2.572250 ms (FindLiveObjects: 0.127292 ms CreateObjectMapping: 0.084500 ms MarkObjects: 2.328875 ms  DeleteObjects: 0.031000 ms)

Prepare: number of updated asset objects reloaded= 0
AssetImportParameters requested are different than current active one (requested -> active):
  custom:container-demuxer-ogg: 62fdf1f143b41e24485cea50d1cbac27 -> 
  custom:video-decoder-ogg-theora: a1e56fd34408186e4bbccfd4996cb3dc -> 
  custom:CustomObjectIndexerAttribute: 9a22284fe3817be447336de3de66b15e -> 
  custom:container-demuxer-webm: 4f35f7cbe854078d1ac9338744f61a02 -> 
  custom:container-muxer-webm: aa71ff27fc2769a1b78a27578f13a17b -> 
  custom:video-decoder-webm-vp8: 9c59270c3fd7afecdb556c50c9e8de78 -> 
  custom:SearchIndexIgnoredProperties: e643bd26f0fe6173181afceb89e7c659 -> 
  custom:AudioImporter_EditorPlatform: 3918e3fc78b5a79bad01e8451be0beb8 -> 
  custom:framework-osx-AVFoundation: e770b220cccbd017edd2c1fefb359320 -> 
  custom:video-encoder-webm-vp8: eb34c28f22e8b96e1ab97ce403110664 -> 
  custom:audio-decoder-ogg-vorbis: bf7c407c2cedff20999df2af8eb42d56 -> 
  custom:audio-encoder-webm-vorbis: bf7c407c2cedff20999df2af8eb42d56 -> 
========================================================================
Received Prepare
Begin MonoManager ReloadAssembly
Thread 0x17fd53000 may have been prematurely finalized
- Loaded All Assemblies, in  0.211 seconds
Refreshing native plugins compatible for Editor in 0.73 ms, found 2 plugins.
Native extension for OSXStandalone target not found
Native extension for WebGL target not found
Mono: successfully reloaded assembly
- Finished resetting the current domain, in  0.681 seconds
Domain Reload Profiling: 892ms
	BeginReloadAssembly (77ms)
		ExecutionOrderSort (0ms)
		DisableScriptedObjects (2ms)
		BackupInstance (0ms)
		ReleaseScriptingObjects (0ms)
		CreateAndSetChildDomain (25ms)
	RebuildCommonClasses (21ms)
	RebuildNativeTypeToScriptingClass (8ms)
	initialDomainReloadingComplete (12ms)
	LoadAllAssembliesAndSetupDomain (92ms)
		LoadAssemblies (111ms)
		RebuildTransferFunctionScriptingTraits (0ms)
		AnalyzeDomain (9ms)
			TypeCache.Refresh (5ms)
				TypeCache.ScanAssembly (0ms)
			ScanForSourceGeneratedMonoScriptInfo (0ms)
			ResolveRequiredComponents (3ms)
	FinalizeReload (682ms)
		ReleaseScriptCaches (0ms)
		RebuildScriptCaches (0ms)
		SetupLoadedEditorAssemblies (279ms)
			LogAssemblyErrors (0ms)
			InitializePlatformSupportModulesInManaged (4ms)
			SetLoadedEditorAssemblies (3ms)
			RefreshPlugins (0ms)
			BeforeProcessingInitializeOnLoad (42ms)
			ProcessInitializeOnLoadAttributes (220ms)
			ProcessInitializeOnLoadMethodAttributes (10ms)
			AfterProcessingInitializeOnLoad (1ms)
			EditorAssembliesLoaded (0ms)
		ExecutionOrderSort2 (0ms)
		AwakeInstancesAfterBackupRestoration (2ms)
Refreshing native plugins compatible for Editor in 0.55 ms, found 2 plugins.
Preloading 0 native plugins for Editor in 0.00 ms.
Unloading 3101 Unused Serialized files (Serialized files now loaded: 0)
Unloading 24 unused Assets / (31.1 KB). Loaded Objects now: 3581.
Memory consumption went from 162.2 MB to 162.2 MB.
Total: 2.600500 ms (FindLiveObjects: 0.168667 ms CreateObjectMapping: 0.079625 ms MarkObjects: 2.315708 ms  DeleteObjects: 0.035959 ms)

Prepare: number of updated asset objects reloaded= 0
AssetImportParameters requested are different than current active one (requested -> active):
  custom:container-demuxer-ogg: 62fdf1f143b41e24485cea50d1cbac27 -> 
  custom:video-decoder-ogg-theora: a1e56fd34408186e4bbccfd4996cb3dc -> 
  custom:CustomObjectIndexerAttribute: 9a22284fe3817be447336de3de66b15e -> 
  custom:container-demuxer-webm: 4f35f7cbe854078d1ac9338744f61a02 -> 
  custom:container-muxer-webm: aa71ff27fc2769a1b78a27578f13a17b -> 
  custom:video-decoder-webm-vp8: 9c59270c3fd7afecdb556c50c9e8de78 -> 
  custom:SearchIndexIgnoredProperties: e643bd26f0fe6173181afceb89e7c659 -> 
  custom:AudioImporter_EditorPlatform: 3918e3fc78b5a79bad01e8451be0beb8 -> 
  custom:framework-osx-AVFoundation: e770b220cccbd017edd2c1fefb359320 -> 
  custom:video-encoder-webm-vp8: eb34c28f22e8b96e1ab97ce403110664 -> 
  custom:audio-decoder-ogg-vorbis: bf7c407c2cedff20999df2af8eb42d56 -> 
  custom:audio-encoder-webm-vorbis: bf7c407c2cedff20999df2af8eb42d56 -> 
========================================================================
Received Import Request.
  Time since last request: 1058.122447 seconds.
  path: Assets/Scripts/CoinFeatures.cs
  artifactKey: Guid(0d55da7f5a628453abb62963990b7736) Importer(815301076,1909f56bfc062723c751e8b465ee728b)
Start importing Assets/Scripts/CoinFeatures.cs using Guid(0d55da7f5a628453abb62963990b7736) Importer(815301076,1909f56bfc062723c751e8b465ee728b)  -> (artifact id: '88a40d2e63d384b8dcc76b6150add03c') in 0.000929 seconds
Number of updated asset objects reloaded before import = 0
Number of asset objects unloaded after import = 0
========================================================================
Received Prepare
Begin MonoManager ReloadAssembly
Thread 0x17fd53000 may have been prematurely finalized
- Loaded All Assemblies, in  0.232 seconds
Refreshing native plugins compatible for Editor in 0.57 ms, found 2 plugins.
Native extension for OSXStandalone target not found
Native extension for WebGL target not found
Mono: successfully reloaded assembly
- Finished resetting the current domain, in  0.674 seconds
Domain Reload Profiling: 906ms
	BeginReloadAssembly (79ms)
		ExecutionOrderSort (0ms)
		DisableScriptedObjects (2ms)
		BackupInstance (0ms)
		ReleaseScriptingObjects (0ms)
		CreateAndSetChildDomain (26ms)
	RebuildCommonClasses (21ms)
	RebuildNativeTypeToScriptingClass (8ms)
	initialDomainReloadingComplete (12ms)
	LoadAllAssembliesAndSetupDomain (112ms)
		LoadAssemblies (132ms)
		RebuildTransferFunctionScriptingTraits (0ms)
		AnalyzeDomain (9ms)
			TypeCache.Refresh (5ms)
				TypeCache.ScanAssembly (0ms)
			ScanForSourceGeneratedMonoScriptInfo (0ms)
			ResolveRequiredComponents (3ms)
	FinalizeReload (674ms)
		ReleaseScriptCaches (0ms)
		RebuildScriptCaches (0ms)
		SetupLoadedEditorAssemblies (275ms)
			LogAssemblyErrors (0ms)
			InitializePlatformSupportModulesInManaged (4ms)
			SetLoadedEditorAssemblies (3ms)
			RefreshPlugins (0ms)
			BeforeProcessingInitializeOnLoad (42ms)
			ProcessInitializeOnLoadAttributes (216ms)
			ProcessInitializeOnLoadMethodAttributes (10ms)
			AfterProcessingInitializeOnLoad (1ms)
			EditorAssembliesLoaded (0ms)
		ExecutionOrderSort2 (0ms)
		AwakeInstancesAfterBackupRestoration (2ms)
Refreshing native plugins compatible for Editor in 0.65 ms, found 2 plugins.
Preloading 0 native plugins for Editor in 0.00 ms.
Unloading 3100 Unused Serialized files (Serialized files now loaded: 0)
Unloading 24 unused Assets / (31.2 KB). Loaded Objects now: 3584.
Memory consumption went from 172.3 MB to 172.3 MB.
Total: 2.539750 ms (FindLiveObjects: 0.138250 ms CreateObjectMapping: 0.095792 ms MarkObjects: 2.266333 ms  DeleteObjects: 0.038791 ms)

Prepare: number of updated asset objects reloaded= 0
AssetImportParameters requested are different than current active one (requested -> active):
  custom:container-demuxer-ogg: 62fdf1f143b41e24485cea50d1cbac27 -> 
  custom:video-decoder-ogg-theora: a1e56fd34408186e4bbccfd4996cb3dc -> 
  custom:CustomObjectIndexerAttribute: 9a22284fe3817be447336de3de66b15e -> 
  custom:container-demuxer-webm: 4f35f7cbe854078d1ac9338744f61a02 -> 
  custom:container-muxer-webm: aa71ff27fc2769a1b78a27578f13a17b -> 
  custom:video-decoder-webm-vp8: 9c59270c3fd7afecdb556c50c9e8de78 -> 
  custom:SearchIndexIgnoredProperties: e643bd26f0fe6173181afceb89e7c659 -> 
  custom:AudioImporter_EditorPlatform: 3918e3fc78b5a79bad01e8451be0beb8 -> 
  custom:framework-osx-AVFoundation: e770b220cccbd017edd2c1fefb359320 -> 
  custom:video-encoder-webm-vp8: eb34c28f22e8b96e1ab97ce403110664 -> 
  custom:audio-decoder-ogg-vorbis: bf7c407c2cedff20999df2af8eb42d56 -> 
  custom:audio-encoder-webm-vorbis: bf7c407c2cedff20999df2af8eb42d56 -> 
========================================================================
Received Prepare
Begin MonoManager ReloadAssembly
Thread 0x17fed3000 may have been prematurely finalized
- Loaded All Assemblies, in  0.243 seconds
Refreshing native plugins compatible for Editor in 0.56 ms, found 2 plugins.
Native extension for OSXStandalone target not found
Native extension for WebGL target not found
Mono: successfully reloaded assembly
- Finished resetting the current domain, in  0.680 seconds
Domain Reload Profiling: 923ms
	BeginReloadAssembly (79ms)
		ExecutionOrderSort (0ms)
		DisableScriptedObjects (2ms)
		BackupInstance (0ms)
		ReleaseScriptingObjects (0ms)
		CreateAndSetChildDomain (25ms)
	RebuildCommonClasses (21ms)
	RebuildNativeTypeToScriptingClass (8ms)
	initialDomainReloadingComplete (13ms)
	LoadAllAssembliesAndSetupDomain (122ms)
		LoadAssemblies (137ms)
		RebuildTransferFunctionScriptingTraits (0ms)
		AnalyzeDomain (14ms)
			TypeCache.Refresh (7ms)
				TypeCache.ScanAssembly (0ms)
			ScanForSourceGeneratedMonoScriptInfo (4ms)
			ResolveRequiredComponents (3ms)
	FinalizeReload (681ms)
		ReleaseScriptCaches (0ms)
		RebuildScriptCaches (0ms)
		SetupLoadedEditorAssemblies (278ms)
			LogAssemblyErrors (0ms)
			InitializePlatformSupportModulesInManaged (4ms)
			SetLoadedEditorAssemblies (3ms)
			RefreshPlugins (0ms)
			BeforeProcessingInitializeOnLoad (43ms)
			ProcessInitializeOnLoadAttributes (218ms)
			ProcessInitializeOnLoadMethodAttributes (10ms)
			AfterProcessingInitializeOnLoad (1ms)
			EditorAssembliesLoaded (0ms)
		ExecutionOrderSort2 (0ms)
		AwakeInstancesAfterBackupRestoration (2ms)
Refreshing native plugins compatible for Editor in 0.70 ms, found 2 plugins.
Preloading 0 native plugins for Editor in 0.00 ms.
Unloading 3101 Unused Serialized files (Serialized files now loaded: 0)
Unloading 24 unused Assets / (31.1 KB). Loaded Objects now: 3587.
Memory consumption went from 182.9 MB to 182.8 MB.
Total: 2.402000 ms (FindLiveObjects: 0.125958 ms CreateObjectMapping: 0.060792 ms MarkObjects: 2.183791 ms  DeleteObjects: 0.031000 ms)

Prepare: number of updated asset objects reloaded= 0
AssetImportParameters requested are different than current active one (requested -> active):
  custom:container-demuxer-ogg: 62fdf1f143b41e24485cea50d1cbac27 -> 
  custom:video-decoder-ogg-theora: a1e56fd34408186e4bbccfd4996cb3dc -> 
  custom:CustomObjectIndexerAttribute: 9a22284fe3817be447336de3de66b15e -> 
  custom:container-demuxer-webm: 4f35f7cbe854078d1ac9338744f61a02 -> 
  custom:container-muxer-webm: aa71ff27fc2769a1b78a27578f13a17b -> 
  custom:video-decoder-webm-vp8: 9c59270c3fd7afecdb556c50c9e8de78 -> 
  custom:SearchIndexIgnoredProperties: e643bd26f0fe6173181afceb89e7c659 -> 
  custom:AudioImporter_EditorPlatform: 3918e3fc78b5a79bad01e8451be0beb8 -> 
  custom:framework-osx-AVFoundation: e770b220cccbd017edd2c1fefb359320 -> 
  custom:video-encoder-webm-vp8: eb34c28f22e8b96e1ab97ce403110664 -> 
  custom:audio-decoder-ogg-vorbis: bf7c407c2cedff20999df2af8eb42d56 -> 
  custom:audio-encoder-webm-vorbis: bf7c407c2cedff20999df2af8eb42d56 -> 
========================================================================
Received Prepare
Begin MonoManager ReloadAssembly
Thread 0x17fed3000 may have been prematurely finalized
- Loaded All Assemblies, in  0.209 seconds
Refreshing native plugins compatible for Editor in 1.18 ms, found 2 plugins.
Native extension for OSXStandalone target not found
Native extension for WebGL target not found
Mono: successfully reloaded assembly
- Finished resetting the current domain, in  0.450 seconds
Domain Reload Profiling: 660ms
	BeginReloadAssembly (77ms)
		ExecutionOrderSort (0ms)
		DisableScriptedObjects (2ms)
		BackupInstance (0ms)
		ReleaseScriptingObjects (0ms)
		CreateAndSetChildDomain (25ms)
	RebuildCommonClasses (21ms)
	RebuildNativeTypeToScriptingClass (8ms)
	initialDomainReloadingComplete (12ms)
	LoadAllAssembliesAndSetupDomain (91ms)
		LoadAssemblies (110ms)
		RebuildTransferFunctionScriptingTraits (0ms)
		AnalyzeDomain (9ms)
			TypeCache.Refresh (5ms)
				TypeCache.ScanAssembly (0ms)
			ScanForSourceGeneratedMonoScriptInfo (0ms)
			ResolveRequiredComponents (3ms)
	FinalizeReload (451ms)
		ReleaseScriptCaches (0ms)
		RebuildScriptCaches (0ms)
		SetupLoadedEditorAssemblies (279ms)
			LogAssemblyErrors (0ms)
			InitializePlatformSupportModulesInManaged (4ms)
			SetLoadedEditorAssemblies (3ms)
			RefreshPlugins (0ms)
			BeforeProcessingInitializeOnLoad (43ms)
			ProcessInitializeOnLoadAttributes (219ms)
			ProcessInitializeOnLoadMethodAttributes (10ms)
			AfterProcessingInitializeOnLoad (1ms)
			EditorAssembliesLoaded (0ms)
		ExecutionOrderSort2 (0ms)
		AwakeInstancesAfterBackupRestoration (2ms)
Refreshing native plugins compatible for Editor in 0.54 ms, found 2 plugins.
Preloading 0 native plugins for Editor in 0.00 ms.
Unloading 3101 Unused Serialized files (Serialized files now loaded: 0)
Unloading 24 unused Assets / (31.2 KB). Loaded Objects now: 3590.
Memory consumption went from 193.1 MB to 193.1 MB.
Total: 2.149625 ms (FindLiveObjects: 0.129125 ms CreateObjectMapping: 0.063292 ms MarkObjects: 1.923125 ms  DeleteObjects: 0.033750 ms)

Prepare: number of updated asset objects reloaded= 0
AssetImportParameters requested are different than current active one (requested -> active):
  custom:container-demuxer-ogg: 62fdf1f143b41e24485cea50d1cbac27 -> 
  custom:video-decoder-ogg-theora: a1e56fd34408186e4bbccfd4996cb3dc -> 
  custom:CustomObjectIndexerAttribute: 9a22284fe3817be447336de3de66b15e -> 
  custom:container-demuxer-webm: 4f35f7cbe854078d1ac9338744f61a02 -> 
  custom:container-muxer-webm: aa71ff27fc2769a1b78a27578f13a17b -> 
  custom:video-decoder-webm-vp8: 9c59270c3fd7afecdb556c50c9e8de78 -> 
  custom:SearchIndexIgnoredProperties: e643bd26f0fe6173181afceb89e7c659 -> 
  custom:AudioImporter_EditorPlatform: 3918e3fc78b5a79bad01e8451be0beb8 -> 
  custom:framework-osx-AVFoundation: e770b220cccbd017edd2c1fefb359320 -> 
  custom:video-encoder-webm-vp8: eb34c28f22e8b96e1ab97ce403110664 -> 
  custom:audio-decoder-ogg-vorbis: bf7c407c2cedff20999df2af8eb42d56 -> 
  custom:audio-encoder-webm-vorbis: bf7c407c2cedff20999df2af8eb42d56 -> 
========================================================================
Received Prepare
Begin MonoManager ReloadAssembly
Thread 0x17fed3000 may have been prematurely finalized
- Loaded All Assemblies, in  0.239 seconds
Refreshing native plugins compatible for Editor in 0.53 ms, found 2 plugins.
Native extension for OSXStandalone target not found
Native extension for WebGL target not found
Mono: successfully reloaded assembly
- Finished resetting the current domain, in  0.644 seconds
Domain Reload Profiling: 883ms
	BeginReloadAssembly (77ms)
		ExecutionOrderSort (0ms)
		DisableScriptedObjects (2ms)
		BackupInstance (0ms)
		ReleaseScriptingObjects (0ms)
		CreateAndSetChildDomain (26ms)
	RebuildCommonClasses (21ms)
	RebuildNativeTypeToScriptingClass (8ms)
	initialDomainReloadingComplete (12ms)
	LoadAllAssembliesAndSetupDomain (120ms)
		LoadAssemblies (134ms)
		RebuildTransferFunctionScriptingTraits (0ms)
		AnalyzeDomain (14ms)
			TypeCache.Refresh (7ms)
				TypeCache.ScanAssembly (0ms)
			ScanForSourceGeneratedMonoScriptInfo (4ms)
			ResolveRequiredComponents (3ms)
	FinalizeReload (644ms)
		ReleaseScriptCaches (0ms)
		RebuildScriptCaches (0ms)
		SetupLoadedEditorAssemblies (259ms)
			LogAssemblyErrors (0ms)
			InitializePlatformSupportModulesInManaged (3ms)
			SetLoadedEditorAssemblies (3ms)
			RefreshPlugins (0ms)
			BeforeProcessingInitializeOnLoad (39ms)
			ProcessInitializeOnLoadAttributes (204ms)
			ProcessInitializeOnLoadMethodAttributes (9ms)
			AfterProcessingInitializeOnLoad (1ms)
			EditorAssembliesLoaded (0ms)
		ExecutionOrderSort2 (0ms)
		AwakeInstancesAfterBackupRestoration (2ms)
Refreshing native plugins compatible for Editor in 0.62 ms, found 2 plugins.
Preloading 0 native plugins for Editor in 0.00 ms.
Unloading 3101 Unused Serialized files (Serialized files now loaded: 0)
Unloading 24 unused Assets / (31.2 KB). Loaded Objects now: 3593.
Memory consumption went from 203.4 MB to 203.4 MB.
Total: 2.136292 ms (FindLiveObjects: 0.109833 ms CreateObjectMapping: 0.048042 ms MarkObjects: 1.946875 ms  DeleteObjects: 0.031042 ms)

Prepare: number of updated asset objects reloaded= 0
AssetImportParameters requested are different than current active one (requested -> active):
  custom:container-demuxer-ogg: 62fdf1f143b41e24485cea50d1cbac27 -> 
  custom:video-decoder-ogg-theora: a1e56fd34408186e4bbccfd4996cb3dc -> 
  custom:CustomObjectIndexerAttribute: 9a22284fe3817be447336de3de66b15e -> 
  custom:container-demuxer-webm: 4f35f7cbe854078d1ac9338744f61a02 -> 
  custom:container-muxer-webm: aa71ff27fc2769a1b78a27578f13a17b -> 
  custom:video-decoder-webm-vp8: 9c59270c3fd7afecdb556c50c9e8de78 -> 
  custom:SearchIndexIgnoredProperties: e643bd26f0fe6173181afceb89e7c659 -> 
  custom:AudioImporter_EditorPlatform: 3918e3fc78b5a79bad01e8451be0beb8 -> 
  custom:framework-osx-AVFoundation: e770b220cccbd017edd2c1fefb359320 -> 
  custom:video-encoder-webm-vp8: eb34c28f22e8b96e1ab97ce403110664 -> 
  custom:audio-decoder-ogg-vorbis: bf7c407c2cedff20999df2af8eb42d56 -> 
  custom:audio-encoder-webm-vorbis: bf7c407c2cedff20999df2af8eb42d56 -> 
========================================================================
Received Import Request.
  Time since last request: 789.505644 seconds.
  path: Assets/AnimeNaturalEnvironment/Materials/BigTreeTrunk.mat
  artifactKey: Guid(5a53a0a1820ad114c8e3d448d2c7e4ae) Importer(815301076,1909f56bfc062723c751e8b465ee728b)
Start importing Assets/AnimeNaturalEnvironment/Materials/BigTreeTrunk.mat using Guid(5a53a0a1820ad114c8e3d448d2c7e4ae) Importer(815301076,1909f56bfc062723c751e8b465ee728b)  -> (artifact id: '47542b22e35c35ddf89da9f1f9047cd4') in 0.193734 seconds
Number of updated asset objects reloaded before import = 0
Number of asset objects unloaded after import = 2
========================================================================
Received Import Request.
  Time since last request: 0.000049 seconds.
  path: Assets/AnimeNaturalEnvironment/Materials/Trunk.mat
  artifactKey: Guid(9b8e4a720181ae6469939aa91c35ef7d) Importer(815301076,1909f56bfc062723c751e8b465ee728b)
Start importing Assets/AnimeNaturalEnvironment/Materials/Trunk.mat using Guid(9b8e4a720181ae6469939aa91c35ef7d) Importer(815301076,1909f56bfc062723c751e8b465ee728b)  -> (artifact id: 'c92a93484147d80a31de40aecc55b856') in 0.013712 seconds
Number of updated asset objects reloaded before import = 0
Number of asset objects unloaded after import = 3
========================================================================
Received Import Request.
  Time since last request: 0.000105 seconds.
  path: Assets/AnimeNaturalEnvironment/Materials/Mountain.mat
  artifactKey: Guid(1cf1a3dbb27c9c648bfc0e882e57e9f7) Importer(815301076,1909f56bfc062723c751e8b465ee728b)
Start importing Assets/AnimeNaturalEnvironment/Materials/Mountain.mat using Guid(1cf1a3dbb27c9c648bfc0e882e57e9f7) Importer(815301076,1909f56bfc062723c751e8b465ee728b)  -> (artifact id: 'cb015c7fed41139579464a2ba75d070b') in 0.009897 seconds
Number of updated asset objects reloaded before import = 0
Number of asset objects unloaded after import = 2
========================================================================
Received Import Request.
  Time since last request: 0.000247 seconds.
  path: Assets/AnimeNaturalEnvironment/Materials/Flower.mat
  artifactKey: Guid(3f80c233f27a72c47b8313f52d9c87ec) Importer(815301076,1909f56bfc062723c751e8b465ee728b)
Start importing Assets/AnimeNaturalEnvironment/Materials/Flower.mat using Guid(3f80c233f27a72c47b8313f52d9c87ec) Importer(815301076,1909f56bfc062723c751e8b465ee728b)  -> (artifact id: 'fed5c3753bf0984907ea4b6ebac14752') in 0.008513 seconds
Number of updated asset objects reloaded before import = 0
Number of asset objects unloaded after import = 3
========================================================================
Received Import Request.
  Time since last request: 0.000133 seconds.
  path: Assets/AnimeNaturalEnvironment/Materials/Rock_01.mat
  artifactKey: Guid(810d40b7f48cc174d9394be6adedf6b2) Importer(815301076,1909f56bfc062723c751e8b465ee728b)
Start importing Assets/AnimeNaturalEnvironment/Materials/Rock_01.mat using Guid(810d40b7f48cc174d9394be6adedf6b2) Importer(815301076,1909f56bfc062723c751e8b465ee728b)  -> (artifact id: '6bf809cc3e5e7df5a14120195ba4aab9') in 0.007653 seconds
Number of updated asset objects reloaded before import = 0
Number of asset objects unloaded after import = 3
========================================================================
Received Import Request.
  Time since last request: 0.000325 seconds.
  path: Assets/AnimeNaturalEnvironment/Materials/Foliage_Standard 2.mat
  artifactKey: Guid(31c0bbf9525d3ae499708cc4a04701a2) Importer(815301076,1909f56bfc062723c751e8b465ee728b)
Start importing Assets/AnimeNaturalEnvironment/Materials/Foliage_Standard 2.mat using Guid(31c0bbf9525d3ae499708cc4a04701a2) Importer(815301076,1909f56bfc062723c751e8b465ee728b)  -> (artifact id: 'afa94217ac27603aeeadf4b7c90fe2d3') in 0.009079 seconds
Number of updated asset objects reloaded before import = 0
Number of asset objects unloaded after import = 3
========================================================================
Received Import Request.
  Time since last request: 0.000031 seconds.
  path: Assets/AnimeNaturalEnvironment/Materials/MainDemoTerrain Basemap.mat
  artifactKey: Guid(280e50322c59a224281ed668c426355c) Importer(815301076,1909f56bfc062723c751e8b465ee728b)
Start importing Assets/AnimeNaturalEnvironment/Materials/MainDemoTerrain Basemap.mat using Guid(280e50322c59a224281ed668c426355c) Importer(815301076,1909f56bfc062723c751e8b465ee728b)  -> (artifact id: 'e4516b691e080d82536522cc80080239') in 0.006776 seconds
Number of updated asset objects reloaded before import = 0
Number of asset objects unloaded after import = 2
========================================================================
Received Import Request.
  Time since last request: 0.000037 seconds.
  path: Assets/AnimeNaturalEnvironment/Materials/Foliage_02.mat
  artifactKey: Guid(66cab1aaf290bfd479e7493ed2b011fd) Importer(815301076,1909f56bfc062723c751e8b465ee728b)
Start importing Assets/AnimeNaturalEnvironment/Materials/Foliage_02.mat using Guid(66cab1aaf290bfd479e7493ed2b011fd) Importer(815301076,1909f56bfc062723c751e8b465ee728b)  -> (artifact id: '69be26383b917f65a0bad81c9b094239') in 0.006738 seconds
Number of updated asset objects reloaded before import = 0
Number of asset objects unloaded after import = 2
========================================================================
Received Import Request.
  Time since last request: 0.000106 seconds.
  path: Assets/AnimeNaturalEnvironment/Materials/CloudDay.mat
  artifactKey: Guid(d168c0162d579834493612b46a8d2640) Importer(815301076,1909f56bfc062723c751e8b465ee728b)
Start importing Assets/AnimeNaturalEnvironment/Materials/CloudDay.mat using Guid(d168c0162d579834493612b46a8d2640) Importer(815301076,1909f56bfc062723c751e8b465ee728b)  -> (artifact id: '2289c3f0790e701c84d33f5cc4ff796e') in 0.108525 seconds
Number of updated asset objects reloaded before import = 0
Number of asset objects unloaded after import = 2
========================================================================
Received Import Request.
  Time since last request: 6.857662 seconds.
  path: Assets/AnimeNaturalEnvironment/Textures/Sky/CloundDay.png
  artifactKey: Guid(67cb2e3a43184264e9269e11e420faa3) Importer(815301076,1909f56bfc062723c751e8b465ee728b)
Start importing Assets/AnimeNaturalEnvironment/Textures/Sky/CloundDay.png using Guid(67cb2e3a43184264e9269e11e420faa3) Importer(815301076,1909f56bfc062723c751e8b465ee728b)  -> (artifact id: 'f793b88e578d29411627bf769a16b6b8') in 0.015829 seconds
Number of updated asset objects reloaded before import = 0
Number of asset objects unloaded after import = 2
========================================================================
Received Import Request.
  Time since last request: 9.597847 seconds.
  path: Assets/AnimeNaturalEnvironment/Scenes/CameraProfile
  artifactKey: Guid(8adcc26df3f3a494caf4749947de7589) Importer(815301076,1909f56bfc062723c751e8b465ee728b)
Start importing Assets/AnimeNaturalEnvironment/Scenes/CameraProfile using Guid(8adcc26df3f3a494caf4749947de7589) Importer(815301076,1909f56bfc062723c751e8b465ee728b)  -> (artifact id: 'c99615b583fcf75b965f26d54ca0aae6') in 0.000843 seconds
Number of updated asset objects reloaded before import = 0
Number of asset objects unloaded after import = 0
========================================================================
Received Import Request.
  Time since last request: 0.085851 seconds.
  path: Assets/AnimeNaturalEnvironment/Scenes/CameraProfile/Main Camera Profile.asset
  artifactKey: Guid(27495ec9b2c7b3d4193cb76c30638cd5) Importer(815301076,1909f56bfc062723c751e8b465ee728b)
Start importing Assets/AnimeNaturalEnvironment/Scenes/CameraProfile/Main Camera Profile.asset using Guid(27495ec9b2c7b3d4193cb76c30638cd5) Importer(815301076,1909f56bfc062723c751e8b465ee728b)  -> (artifact id: 'e8da8f005c95080a1c55c11d32c601c4') in 0.000896 seconds
Number of updated asset objects reloaded before import = 0
Number of asset objects unloaded after import = 1
========================================================================
Received Import Request.
  Time since last request: 11.393213 seconds.
  path: Assets/AnimeNaturalEnvironment/Textures/Ground
  artifactKey: Guid(7e96b1b50f49e5f4782d46f98084c2cb) Importer(815301076,1909f56bfc062723c751e8b465ee728b)
Start importing Assets/AnimeNaturalEnvironment/Textures/Ground using Guid(7e96b1b50f49e5f4782d46f98084c2cb) Importer(815301076,1909f56bfc062723c751e8b465ee728b)  -> (artifact id: '6fb152fba655cd2e9d09c74c71bb1f3f') in 0.000449 seconds
Number of updated asset objects reloaded before import = 0
Number of asset objects unloaded after import = 0
========================================================================
Received Import Request.
  Time since last request: 0.116608 seconds.
  path: Assets/AnimeNaturalEnvironment/Textures/Ground/Ground.png
  artifactKey: Guid(14cfdc412fd1c2e4bafb26ee29fde791) Importer(815301076,1909f56bfc062723c751e8b465ee728b)
Start importing Assets/AnimeNaturalEnvironment/Textures/Ground/Ground.png using Guid(14cfdc412fd1c2e4bafb26ee29fde791) Importer(815301076,1909f56bfc062723c751e8b465ee728b)  -> (artifact id: '7c4f644907a0f73a41e5b1be2439e5df') in 0.008297 seconds
Number of updated asset objects reloaded before import = 0
Number of asset objects unloaded after import = 2
========================================================================
Received Import Request.
  Time since last request: 18.126092 seconds.
  path: Assets/AnimeNaturalEnvironment/Models/Ground/Terrain.fbx
  artifactKey: Guid(a2f508ad3edbdaa4da95777f65648275) Importer(815301076,1909f56bfc062723c751e8b465ee728b)
Start importing Assets/AnimeNaturalEnvironment/Models/Ground/Terrain.fbx using Guid(a2f508ad3edbdaa4da95777f65648275) Importer(815301076,1909f56bfc062723c751e8b465ee728b)  -> (artifact id: '9bad568afee53f04dfa90cf8008a6094') in 0.049939 seconds
Number of updated asset objects reloaded before import = 0
Number of asset objects unloaded after import = 8
========================================================================
Received Import Request.
  Time since last request: 0.024310 seconds.
  path: Assets/AnimeNaturalEnvironment/Models/RockStyle2/Rocks/Rock.mat
  artifactKey: Guid(41350d13453e8cc408e6462b7b4dd824) Importer(815301076,1909f56bfc062723c751e8b465ee728b)
Start importing Assets/AnimeNaturalEnvironment/Models/RockStyle2/Rocks/Rock.mat using Guid(41350d13453e8cc408e6462b7b4dd824) Importer(815301076,1909f56bfc062723c751e8b465ee728b)  -> (artifact id: 'c729acb921bb949c92cbf642a79d44fd') in 0.008670 seconds
Number of updated asset objects reloaded before import = 0
Number of asset objects unloaded after import = 3
========================================================================
Received Import Request.
  Time since last request: 0.375172 seconds.
  path: Assets/AnimeNaturalEnvironment/Models/DemoResources/Mountain.fbx
  artifactKey: Guid(55b6b41b1ba00fe41b0f5e65d6fdc9fc) Importer(815301076,1909f56bfc062723c751e8b465ee728b)
Start importing Assets/AnimeNaturalEnvironment/Models/DemoResources/Mountain.fbx using Guid(55b6b41b1ba00fe41b0f5e65d6fdc9fc) Importer(815301076,1909f56bfc062723c751e8b465ee728b)  -> (artifact id: '0554ce4d4623d505fb8c47d5817b16bb') in 0.018841 seconds
Number of updated asset objects reloaded before import = 0
Number of asset objects unloaded after import = 8
========================================================================
Received Import Request.
  Time since last request: 0.000308 seconds.
  path: Assets/AnimeNaturalEnvironment/Materials/Grass Materials/MainDemoDepthFadeGrass 1.mat
  artifactKey: Guid(2e30d3cacdaf5144585964ff14fc6921) Importer(815301076,1909f56bfc062723c751e8b465ee728b)
Start importing Assets/AnimeNaturalEnvironment/Materials/Grass Materials/MainDemoDepthFadeGrass 1.mat using Guid(2e30d3cacdaf5144585964ff14fc6921) Importer(815301076,1909f56bfc062723c751e8b465ee728b)  -> (artifact id: '48520fcf299b46da7cdacd9509cd024d') in 0.005835 seconds
Number of updated asset objects reloaded before import = 0
Number of asset objects unloaded after import = 3
========================================================================
Received Import Request.
  Time since last request: 0.000058 seconds.
  path: Assets/AnimeNaturalEnvironment/Materials/Grass Materials/MainDemoDepthFadeGrass 2.mat
  artifactKey: Guid(78d9cabd1073f6347bfeb5d5095d16d8) Importer(815301076,1909f56bfc062723c751e8b465ee728b)
Start importing Assets/AnimeNaturalEnvironment/Materials/Grass Materials/MainDemoDepthFadeGrass 2.mat using Guid(78d9cabd1073f6347bfeb5d5095d16d8) Importer(815301076,1909f56bfc062723c751e8b465ee728b)  -> (artifact id: '9cb09cf985803a8c53e15d10e92cd162') in 0.005348 seconds
Number of updated asset objects reloaded before import = 0
Number of asset objects unloaded after import = 3
========================================================================
Received Import Request.
  Time since last request: 0.356559 seconds.
  path: Assets/AnimeNaturalEnvironment/Materials/Grass Materials/DepthFadeGrass 1.mat
  artifactKey: Guid(eb5fec8d70c2c3f4c9d72257e87df4b6) Importer(815301076,1909f56bfc062723c751e8b465ee728b)
Start importing Assets/AnimeNaturalEnvironment/Materials/Grass Materials/DepthFadeGrass 1.mat using Guid(eb5fec8d70c2c3f4c9d72257e87df4b6) Importer(815301076,1909f56bfc062723c751e8b465ee728b)  -> (artifact id: '9f79af5e3806caa1ad267a70d82fa154') in 0.005770 seconds
Number of updated asset objects reloaded before import = 0
Number of asset objects unloaded after import = 3
========================================================================
Received Import Request.
  Time since last request: 0.024993 seconds.
  path: Assets/AnimeNaturalEnvironment/Models/RockStyle2/Boulders/Boulder_02/Boulder_02.mat
  artifactKey: Guid(b164f4d9c8b162f449ec9672e9c6b2b1) Importer(815301076,1909f56bfc062723c751e8b465ee728b)
Start importing Assets/AnimeNaturalEnvironment/Models/RockStyle2/Boulders/Boulder_02/Boulder_02.mat using Guid(b164f4d9c8b162f449ec9672e9c6b2b1) Importer(815301076,1909f56bfc062723c751e8b465ee728b)  -> (artifact id: '0ad46c6b293643e4bc5d2c403a65f801') in 0.010155 seconds
Number of updated asset objects reloaded before import = 0
Number of asset objects unloaded after import = 4
========================================================================
Received Import Request.
  Time since last request: 0.000034 seconds.
  path: Assets/AnimeNaturalEnvironment/Models/RockStyle2/Boulders/Boulder_04/Boulder_04.mat
  artifactKey: Guid(ebf87049b843fd74b966bb4e5aa84c1c) Importer(815301076,1909f56bfc062723c751e8b465ee728b)
Start importing Assets/AnimeNaturalEnvironment/Models/RockStyle2/Boulders/Boulder_04/Boulder_04.mat using Guid(ebf87049b843fd74b966bb4e5aa84c1c) Importer(815301076,1909f56bfc062723c751e8b465ee728b)  -> (artifact id: 'f71f04e5116bb27f42e3a8ec9d528e4e') in 0.010582 seconds
Number of updated asset objects reloaded before import = 0
Number of asset objects unloaded after import = 4
========================================================================
Received Import Request.
  Time since last request: 0.000039 seconds.
  path: Assets/AnimeNaturalEnvironment/Materials/Grass Materials/DepthFadeGrass.mat
  artifactKey: Guid(7ea63a8768e540445825e64fafb823af) Importer(815301076,1909f56bfc062723c751e8b465ee728b)
Start importing Assets/AnimeNaturalEnvironment/Materials/Grass Materials/DepthFadeGrass.mat using Guid(7ea63a8768e540445825e64fafb823af) Importer(815301076,1909f56bfc062723c751e8b465ee728b)  -> (artifact id: 'c75bd99915778ef4c3f0504452946e5b') in 0.004877 seconds
Number of updated asset objects reloaded before import = 0
Number of asset objects unloaded after import = 3
========================================================================
Received Import Request.
  Time since last request: 52.393254 seconds.
  path: Assets/AnimeNaturalEnvironment/Textures/Plants/Flower.psd
  artifactKey: Guid(c1ca766a165d59b4ea2f9416edbedd97) Importer(815301076,1909f56bfc062723c751e8b465ee728b)
Start importing Assets/AnimeNaturalEnvironment/Textures/Plants/Flower.psd using Guid(c1ca766a165d59b4ea2f9416edbedd97) Importer(815301076,1909f56bfc062723c751e8b465ee728b)  -> (artifact id: '512c400ac5d9fcc73e73dbf70ebb1da2') in 0.012066 seconds
Number of updated asset objects reloaded before import = 0
Number of asset objects unloaded after import = 2
========================================================================
Received Import Request.
  Time since last request: 0.017837 seconds.
  path: Assets/AnimeNaturalEnvironment/Textures/Plants/Flower_03.png
  artifactKey: Guid(0d383f0cd0395064eb4b64619b2840f3) Importer(815301076,1909f56bfc062723c751e8b465ee728b)
Start importing Assets/AnimeNaturalEnvironment/Textures/Plants/Flower_03.png using Guid(0d383f0cd0395064eb4b64619b2840f3) Importer(815301076,1909f56bfc062723c751e8b465ee728b)  -> (artifact id: '296ee60689dcf7ac3d10135fe6f7edf6') in 0.008666 seconds
Number of updated asset objects reloaded before import = 0
Number of asset objects unloaded after import = 2
========================================================================
Received Import Request.
  Time since last request: 0.002080 seconds.
  path: Assets/AnimeNaturalEnvironment/Textures/Plants/GrassDot_01.psd
  artifactKey: Guid(5940cf08d829fd840b626ea69d4f5b65) Importer(815301076,1909f56bfc062723c751e8b465ee728b)
Start importing Assets/AnimeNaturalEnvironment/Textures/Plants/GrassDot_01.psd using Guid(5940cf08d829fd840b626ea69d4f5b65) Importer(815301076,1909f56bfc062723c751e8b465ee728b)  -> (artifact id: '304e64a16ff598c7acbad81b5c49cbad') in 0.007373 seconds
Number of updated asset objects reloaded before import = 0
Number of asset objects unloaded after import = 2
========================================================================
Received Import Request.
  Time since last request: 0.000142 seconds.
  path: Assets/AnimeNaturalEnvironment/Textures/Plants/Plants.png
  artifactKey: Guid(3387a475305d644488601aa9b6b309ef) Importer(815301076,1909f56bfc062723c751e8b465ee728b)
Start importing Assets/AnimeNaturalEnvironment/Textures/Plants/Plants.png using Guid(3387a475305d644488601aa9b6b309ef) Importer(815301076,1909f56bfc062723c751e8b465ee728b)  -> (artifact id: '90995f3ea376531f0023287616b357ae') in 0.009197 seconds
Number of updated asset objects reloaded before import = 0
Number of asset objects unloaded after import = 2
========================================================================
Received Import Request.
  Time since last request: 26.334362 seconds.
  path: Assets/AnimeNaturalEnvironment/Textures/Ground/Materials
  artifactKey: Guid(b5d22de18ffdf4a15b73b9381383e2b7) Importer(815301076,1909f56bfc062723c751e8b465ee728b)
Start importing Assets/AnimeNaturalEnvironment/Textures/Ground/Materials using Guid(b5d22de18ffdf4a15b73b9381383e2b7) Importer(815301076,1909f56bfc062723c751e8b465ee728b)  -> (artifact id: 'c070dc3ab6dc05ae9fe87f960d469d57') in 0.000615 seconds
Number of updated asset objects reloaded before import = 0
Number of asset objects unloaded after import = 0
========================================================================
Received Import Request.
  Time since last request: 0.072978 seconds.
  path: Assets/AnimeNaturalEnvironment/Textures/Ground/Materials/Ground.mat
  artifactKey: Guid(88ca1c864398741d7bf600ee5cd34688) Importer(815301076,1909f56bfc062723c751e8b465ee728b)
Start importing Assets/AnimeNaturalEnvironment/Textures/Ground/Materials/Ground.mat using Guid(88ca1c864398741d7bf600ee5cd34688) Importer(815301076,1909f56bfc062723c751e8b465ee728b)  -> (artifact id: '3344189375c663a9068033b4617e9012') in 0.018584 seconds
Number of updated asset objects reloaded before import = 0
Number of asset objects unloaded after import = 2
========================================================================
Received Import Request.
  Time since last request: 18.792922 seconds.
  path: Assets/AnimeNaturalEnvironment/Textures/Plants/Materials/Plants.mat
  artifactKey: Guid(dca4d6dd95c544a3f9b9b65249f2a618) Importer(815301076,1909f56bfc062723c751e8b465ee728b)
Start importing Assets/AnimeNaturalEnvironment/Textures/Plants/Materials/Plants.mat using Guid(dca4d6dd95c544a3f9b9b65249f2a618) Importer(815301076,1909f56bfc062723c751e8b465ee728b)  -> (artifact id: 'e18815259c075216885d2be321d65c75') in 0.007625 seconds
Number of updated asset objects reloaded before import = 0
Number of asset objects unloaded after import = 2
========================================================================
Received Import Request.
  Time since last request: 11.980953 seconds.
  path: Assets/AnimeNaturalEnvironment/Prefabs/Branches/Branch_01.prefab
  artifactKey: Guid(bf1c93d05eeb07647964bc9735ab61d6) Importer(815301076,1909f56bfc062723c751e8b465ee728b)
Start importing Assets/AnimeNaturalEnvironment/Prefabs/Branches/Branch_01.prefab using Guid(bf1c93d05eeb07647964bc9735ab61d6) Importer(815301076,1909f56bfc062723c751e8b465ee728b)  -> (artifact id: '3da7521386a0fa85bba53f1ac4daad9a') in 0.011882 seconds
Number of updated asset objects reloaded before import = 0
Number of asset objects unloaded after import = 19
========================================================================
Received Import Request.
  Time since last request: 0.000044 seconds.
  path: Assets/AnimeNaturalEnvironment/Prefabs/Branches/Branch_03.prefab
  artifactKey: Guid(0a49b5fe7f4b55341bded12d7c33639c) Importer(815301076,1909f56bfc062723c751e8b465ee728b)
Start importing Assets/AnimeNaturalEnvironment/Prefabs/Branches/Branch_03.prefab using Guid(0a49b5fe7f4b55341bded12d7c33639c) Importer(815301076,1909f56bfc062723c751e8b465ee728b)  -> (artifact id: '46ff50793f3ae8b44cc56d4e57e407da') in 0.005913 seconds
Number of updated asset objects reloaded before import = 0
Number of asset objects unloaded after import = 24
========================================================================
Received Import Request.
  Time since last request: 1.671888 seconds.
  path: Assets/AnimeNaturalEnvironment/Prefabs/DemoResources/Cliff.prefab
  artifactKey: Guid(ebe11924f10991b49a816b3fb7f52b39) Importer(815301076,1909f56bfc062723c751e8b465ee728b)
Start importing Assets/AnimeNaturalEnvironment/Prefabs/DemoResources/Cliff.prefab using Guid(ebe11924f10991b49a816b3fb7f52b39) Importer(815301076,1909f56bfc062723c751e8b465ee728b)  -> (artifact id: 'd3187ad25a93de42eac0103a31fcde89') in 0.014845 seconds
Number of updated asset objects reloaded before import = 0
Number of asset objects unloaded after import = 11
========================================================================
Received Import Request.
  Time since last request: 0.814568 seconds.
  path: Assets/AnimeNaturalEnvironment/Prefabs/Plants/Bush.prefab
  artifactKey: Guid(d17329bbf3248114ca5bf66aafe7cf81) Importer(815301076,1909f56bfc062723c751e8b465ee728b)
Start importing Assets/AnimeNaturalEnvironment/Prefabs/Plants/Bush.prefab using Guid(d17329bbf3248114ca5bf66aafe7cf81) Importer(815301076,1909f56bfc062723c751e8b465ee728b)  -> (artifact id: 'a7903a529a7c08589f27d4921f3e770f') in 0.012472 seconds
Number of updated asset objects reloaded before import = 0
Number of asset objects unloaded after import = 25
========================================================================
Received Import Request.
  Time since last request: 0.000063 seconds.
  path: Assets/AnimeNaturalEnvironment/Prefabs/Plants/Flower_03.prefab
  artifactKey: Guid(177742a9cc0c87644a9f0ff6b4ae37ec) Importer(815301076,1909f56bfc062723c751e8b465ee728b)
Start importing Assets/AnimeNaturalEnvironment/Prefabs/Plants/Flower_03.prefab using Guid(177742a9cc0c87644a9f0ff6b4ae37ec) Importer(815301076,1909f56bfc062723c751e8b465ee728b)  -> (artifact id: '41146f9d522494b87a10ff7988283b76') in 0.012230 seconds
Number of updated asset objects reloaded before import = 0
Number of asset objects unloaded after import = 10
========================================================================
Received Import Request.
  Time since last request: 0.013571 seconds.
  path: Assets/AnimeNaturalEnvironment/Prefabs/Plants/Plant_02.prefab
  artifactKey: Guid(0d56a1c670fa63344951df94da84d17d) Importer(815301076,1909f56bfc062723c751e8b465ee728b)
Start importing Assets/AnimeNaturalEnvironment/Prefabs/Plants/Plant_02.prefab using Guid(0d56a1c670fa63344951df94da84d17d) Importer(815301076,1909f56bfc062723c751e8b465ee728b)  -> (artifact id: '9e754ad23d5b7aefdc8df9c56b779540') in 0.013000 seconds
Number of updated asset objects reloaded before import = 0
Number of asset objects unloaded after import = 10
========================================================================
Received Import Request.
  Time since last request: 0.000044 seconds.
  path: Assets/AnimeNaturalEnvironment/Prefabs/Plants/Plant_01.prefab
  artifactKey: Guid(2a75e0892e1be5b4096b6784fad4c2cb) Importer(815301076,1909f56bfc062723c751e8b465ee728b)
Start importing Assets/AnimeNaturalEnvironment/Prefabs/Plants/Plant_01.prefab using Guid(2a75e0892e1be5b4096b6784fad4c2cb) Importer(815301076,1909f56bfc062723c751e8b465ee728b)  -> (artifact id: '892459e0476e2c1ac6aa6240b8977081') in 0.007541 seconds
Number of updated asset objects reloaded before import = 0
Number of asset objects unloaded after import = 10
========================================================================
Received Import Request.
  Time since last request: 0.000149 seconds.
  path: Assets/AnimeNaturalEnvironment/Prefabs/Plants/Plant_05.prefab
  artifactKey: Guid(42419eff3b9a6264380b5a7b0da1b29f) Importer(815301076,1909f56bfc062723c751e8b465ee728b)
Start importing Assets/AnimeNaturalEnvironment/Prefabs/Plants/Plant_05.prefab using Guid(42419eff3b9a6264380b5a7b0da1b29f) Importer(815301076,1909f56bfc062723c751e8b465ee728b)  -> (artifact id: '302aeb377add1a23e668224b6ef9c9bc') in 0.007961 seconds
Number of updated asset objects reloaded before import = 0
Number of asset objects unloaded after import = 10
========================================================================
Received Import Request.
  Time since last request: 0.000073 seconds.
  path: Assets/AnimeNaturalEnvironment/Prefabs/Plants/Plant_03.prefab
  artifactKey: Guid(b0475c554da260149a65f6be976198bc) Importer(815301076,1909f56bfc062723c751e8b465ee728b)
Start importing Assets/AnimeNaturalEnvironment/Prefabs/Plants/Plant_03.prefab using Guid(b0475c554da260149a65f6be976198bc) Importer(815301076,1909f56bfc062723c751e8b465ee728b)  -> (artifact id: '75cd0f77c06960fc8ed7c92bbdeefac5') in 0.009575 seconds
Number of updated asset objects reloaded before import = 0
Number of asset objects unloaded after import = 10
========================================================================
Received Import Request.
  Time since last request: 2.051245 seconds.
  path: Assets/AnimeNaturalEnvironment/Prefabs/RockStyle1/Rock_01.prefab
  artifactKey: Guid(065702c428bd7064c9b1e1bcaf003967) Importer(815301076,1909f56bfc062723c751e8b465ee728b)
Start importing Assets/AnimeNaturalEnvironment/Prefabs/RockStyle1/Rock_01.prefab using Guid(065702c428bd7064c9b1e1bcaf003967) Importer(815301076,1909f56bfc062723c751e8b465ee728b)  -> (artifact id: '86d54183e88e0808a58afbd85064bd06') in 0.019964 seconds
Number of updated asset objects reloaded before import = 0
Number of asset objects unloaded after import = 11
========================================================================
Received Import Request.
  Time since last request: 0.000045 seconds.
  path: Assets/AnimeNaturalEnvironment/Prefabs/RockStyle1/Rock_03.prefab
  artifactKey: Guid(417087d1a8b3ec146841382c51898a12) Importer(815301076,1909f56bfc062723c751e8b465ee728b)
Start importing Assets/AnimeNaturalEnvironment/Prefabs/RockStyle1/Rock_03.prefab using Guid(417087d1a8b3ec146841382c51898a12) Importer(815301076,1909f56bfc062723c751e8b465ee728b)  -> (artifact id: '9432f18713b6561404be56503db6ed1c') in 0.006913 seconds
Number of updated asset objects reloaded before import = 0
Number of asset objects unloaded after import = 11
========================================================================
Received Import Request.
  Time since last request: 0.000059 seconds.
  path: Assets/AnimeNaturalEnvironment/Prefabs/RockStyle1/Rock_05.prefab
  artifactKey: Guid(4bfd0190d957f6e4a8741e46e31214b5) Importer(815301076,1909f56bfc062723c751e8b465ee728b)
Start importing Assets/AnimeNaturalEnvironment/Prefabs/RockStyle1/Rock_05.prefab using Guid(4bfd0190d957f6e4a8741e46e31214b5) Importer(815301076,1909f56bfc062723c751e8b465ee728b)  -> (artifact id: '3af7ddf6d012d13f306ad10ae266a011') in 0.007626 seconds
Number of updated asset objects reloaded before import = 0
Number of asset objects unloaded after import = 11
========================================================================
Received Import Request.
  Time since last request: 1.297912 seconds.
  path: Assets/AnimeNaturalEnvironment/Prefabs/RockStyle2/Boulder_01_Mesh.prefab
  artifactKey: Guid(6e54796c61548da49bf4beec4c19e772) Importer(815301076,1909f56bfc062723c751e8b465ee728b)
Start importing Assets/AnimeNaturalEnvironment/Prefabs/RockStyle2/Boulder_01_Mesh.prefab using Guid(6e54796c61548da49bf4beec4c19e772) Importer(815301076,1909f56bfc062723c751e8b465ee728b)  -> (artifact id: '39d07c949d512fee886195ac321f2cf7') in 0.024956 seconds
Number of updated asset objects reloaded before import = 0
Number of asset objects unloaded after import = 33
========================================================================
Received Import Request.
  Time since last request: 0.000060 seconds.
  path: Assets/AnimeNaturalEnvironment/Prefabs/RockStyle2/Rock_03_mesh.prefab
  artifactKey: Guid(20340a344d4324e46a41c22a98f5bfd4) Importer(815301076,1909f56bfc062723c751e8b465ee728b)
Start importing Assets/AnimeNaturalEnvironment/Prefabs/RockStyle2/Rock_03_mesh.prefab using Guid(20340a344d4324e46a41c22a98f5bfd4) Importer(815301076,1909f56bfc062723c751e8b465ee728b)  -> (artifact id: '9764ee3e9246a43a93f34d48c4012cd5') in 0.038729 seconds
Number of updated asset objects reloaded before import = 0
Number of asset objects unloaded after import = 17
========================================================================
Received Import Request.
  Time since last request: 0.000370 seconds.
  path: Assets/AnimeNaturalEnvironment/Prefabs/RockStyle2/Rock_06_Mesh.prefab
  artifactKey: Guid(db9ed76fdc1720d4891673de8def5fd5) Importer(815301076,1909f56bfc062723c751e8b465ee728b)
Start importing Assets/AnimeNaturalEnvironment/Prefabs/RockStyle2/Rock_06_Mesh.prefab using Guid(db9ed76fdc1720d4891673de8def5fd5) Importer(815301076,1909f56bfc062723c751e8b465ee728b)  -> (artifact id: '2216b473332423cd62854d45345159b7') in 0.014777 seconds
Number of updated asset objects reloaded before import = 0
Number of asset objects unloaded after import = 17
========================================================================
Received Import Request.
  Time since last request: 0.000189 seconds.
  path: Assets/AnimeNaturalEnvironment/Prefabs/RockStyle2/Rock_07_Mesh.prefab
  artifactKey: Guid(08b87ecbff930804b9047cab4f1400c9) Importer(815301076,1909f56bfc062723c751e8b465ee728b)
Start importing Assets/AnimeNaturalEnvironment/Prefabs/RockStyle2/Rock_07_Mesh.prefab using Guid(08b87ecbff930804b9047cab4f1400c9) Importer(815301076,1909f56bfc062723c751e8b465ee728b)  -> (artifact id: '040e5ab20ab99a6c7d2ec0e0ff59d2e4') in 0.010569 seconds
Number of updated asset objects reloaded before import = 0
Number of asset objects unloaded after import = 17
========================================================================
Received Import Request.
  Time since last request: 0.000531 seconds.
  path: Assets/AnimeNaturalEnvironment/Prefabs/RockStyle2/Boulder_04_Mesh.prefab
  artifactKey: Guid(d171d26271ce53f47bf2b42938d070c8) Importer(815301076,1909f56bfc062723c751e8b465ee728b)
Start importing Assets/AnimeNaturalEnvironment/Prefabs/RockStyle2/Boulder_04_Mesh.prefab using Guid(d171d26271ce53f47bf2b42938d070c8) Importer(815301076,1909f56bfc062723c751e8b465ee728b)  -> (artifact id: '8223fbb1b5a1018560c3592a174f21ea') in 0.018406 seconds
Number of updated asset objects reloaded before import = 0
Number of asset objects unloaded after import = 33
========================================================================
Received Import Request.
  Time since last request: 0.000044 seconds.
  path: Assets/AnimeNaturalEnvironment/Prefabs/RockStyle2/Rock_04_Mesh.prefab
  artifactKey: Guid(533abf8078b4484498c20fcf60dab5b7) Importer(815301076,1909f56bfc062723c751e8b465ee728b)
Start importing Assets/AnimeNaturalEnvironment/Prefabs/RockStyle2/Rock_04_Mesh.prefab using Guid(533abf8078b4484498c20fcf60dab5b7) Importer(815301076,1909f56bfc062723c751e8b465ee728b)  -> (artifact id: 'cd751fccabfce65c2fe3ed8616eb7cea') in 0.006777 seconds
Number of updated asset objects reloaded before import = 0
Number of asset objects unloaded after import = 17
========================================================================
Received Import Request.
  Time since last request: 0.492195 seconds.
  path: Assets/AnimeNaturalEnvironment/Prefabs/Trees/BigTree.prefab
  artifactKey: Guid(6a698dfde7cc29b4da4d6415f64102a8) Importer(815301076,1909f56bfc062723c751e8b465ee728b)
Start importing Assets/AnimeNaturalEnvironment/Prefabs/Trees/BigTree.prefab using Guid(6a698dfde7cc29b4da4d6415f64102a8) Importer(815301076,1909f56bfc062723c751e8b465ee728b)  -> (artifact id: 'c240fdbadb8c875ba3bce10b8e63e314') in 0.017781 seconds
Number of updated asset objects reloaded before import = 0
Number of asset objects unloaded after import = 32
========================================================================
Received Import Request.
  Time since last request: 0.000072 seconds.
  path: Assets/AnimeNaturalEnvironment/Prefabs/Trees/Tree_02.prefab
  artifactKey: Guid(01731519c681e5f45bc294844493d2b4) Importer(815301076,1909f56bfc062723c751e8b465ee728b)
Start importing Assets/AnimeNaturalEnvironment/Prefabs/Trees/Tree_02.prefab using Guid(01731519c681e5f45bc294844493d2b4) Importer(815301076,1909f56bfc062723c751e8b465ee728b)  -> (artifact id: 'f847d6067113a0aba44a542a76c0f838') in 0.010085 seconds
Number of updated asset objects reloaded before import = 0
Number of asset objects unloaded after import = 33
========================================================================
Received Import Request.
  Time since last request: 0.000085 seconds.
  path: Assets/AnimeNaturalEnvironment/Prefabs/Trees/Tree_03.prefab
  artifactKey: Guid(e5e5bbc21217efd4d816ec8f4ef93b26) Importer(815301076,1909f56bfc062723c751e8b465ee728b)
Start importing Assets/AnimeNaturalEnvironment/Prefabs/Trees/Tree_03.prefab using Guid(e5e5bbc21217efd4d816ec8f4ef93b26) Importer(815301076,1909f56bfc062723c751e8b465ee728b)  -> (artifact id: 'a3854fdc9d73f5e13b53cf769dadfe67') in 0.014130 seconds
Number of updated asset objects reloaded before import = 0
Number of asset objects unloaded after import = 33
========================================================================
Received Import Request.
  Time since last request: 0.000041 seconds.
  path: Assets/AnimeNaturalEnvironment/Prefabs/Trees/Tree_04.prefab
  artifactKey: Guid(76140a7f4fb1bf54997a4f6585da334d) Importer(815301076,1909f56bfc062723c751e8b465ee728b)
Start importing Assets/AnimeNaturalEnvironment/Prefabs/Trees/Tree_04.prefab using Guid(76140a7f4fb1bf54997a4f6585da334d) Importer(815301076,1909f56bfc062723c751e8b465ee728b)  -> (artifact id: '30ff49988a04fe6a6ee7873b0e82d59c') in 0.010611 seconds
Number of updated asset objects reloaded before import = 0
Number of asset objects unloaded after import = 33
========================================================================
Received Import Request.
  Time since last request: 54.616099 seconds.
  path: Assets/AnimeNaturalEnvironment/Prefabs/Plants/Grass/Grass_00.prefab
  artifactKey: Guid(0b5da8e3469f6c64d9013fd79ebe72e9) Importer(815301076,1909f56bfc062723c751e8b465ee728b)
Start importing Assets/AnimeNaturalEnvironment/Prefabs/Plants/Grass/Grass_00.prefab using Guid(0b5da8e3469f6c64d9013fd79ebe72e9) Importer(815301076,1909f56bfc062723c751e8b465ee728b)  -> (artifact id: 'a326bdb058bb4f5ae6cc2148abc50416') in 0.008616 seconds
Number of updated asset objects reloaded before import = 0
Number of asset objects unloaded after import = 10
========================================================================
Received Import Request.
  Time since last request: 10.429730 seconds.
  path: Assets/AnimeNaturalEnvironment/Models/Branches/Branch_01.fbx
  artifactKey: Guid(e8d4128609ac41a4e99add2adda361dc) Importer(815301076,1909f56bfc062723c751e8b465ee728b)
Start importing Assets/AnimeNaturalEnvironment/Models/Branches/Branch_01.fbx using Guid(e8d4128609ac41a4e99add2adda361dc) Importer(815301076,1909f56bfc062723c751e8b465ee728b)  -> (artifact id: '03b80e86c422ac8c8fa94bfaa86d9957') in 0.020337 seconds
Number of updated asset objects reloaded before import = 0
Number of asset objects unloaded after import = 18
========================================================================
Received Import Request.
  Time since last request: 0.000036 seconds.
  path: Assets/AnimeNaturalEnvironment/Models/Branches/Branch_03.fbx
  artifactKey: Guid(b2859ce0adb95d249b901d94f7ffb980) Importer(815301076,1909f56bfc062723c751e8b465ee728b)
Start importing Assets/AnimeNaturalEnvironment/Models/Branches/Branch_03.fbx using Guid(b2859ce0adb95d249b901d94f7ffb980) Importer(815301076,1909f56bfc062723c751e8b465ee728b)  -> (artifact id: '310a24daa760b31dfd6481289c2175c3') in 0.023925 seconds
Number of updated asset objects reloaded before import = 0
Number of asset objects unloaded after import = 23
========================================================================
Received Import Request.
  Time since last request: 2.927454 seconds.
  path: Assets/AnimeNaturalEnvironment/Models/Plants/Bush_01.fbx
  artifactKey: Guid(8914b60e9b14fb9429834c4ba2059098) Importer(815301076,1909f56bfc062723c751e8b465ee728b)
Start importing Assets/AnimeNaturalEnvironment/Models/Plants/Bush_01.fbx using Guid(8914b60e9b14fb9429834c4ba2059098) Importer(815301076,1909f56bfc062723c751e8b465ee728b)  -> (artifact id: '0c3be4dd9c144ad650c30db0d3ca5400') in 0.030937 seconds
Number of updated asset objects reloaded before import = 0
Number of asset objects unloaded after import = 23
========================================================================
Received Import Request.
  Time since last request: 0.000056 seconds.
  path: Assets/AnimeNaturalEnvironment/Models/Plants/Plant_02.fbx
  artifactKey: Guid(96f681605dd31ad4794ac60e0abae4e6) Importer(815301076,1909f56bfc062723c751e8b465ee728b)
Start importing Assets/AnimeNaturalEnvironment/Models/Plants/Plant_02.fbx using Guid(96f681605dd31ad4794ac60e0abae4e6) Importer(815301076,1909f56bfc062723c751e8b465ee728b)  -> (artifact id: '62746f210ff0aee110fb8395fe43fb32') in 0.010749 seconds
Number of updated asset objects reloaded before import = 0
Number of asset objects unloaded after import = 10
========================================================================
Received Import Request.
  Time since last request: 0.000040 seconds.
  path: Assets/AnimeNaturalEnvironment/Models/Plants/Plants_Patch.FBX
  artifactKey: Guid(b018b240a684d794ba2738241e495f98) Importer(815301076,1909f56bfc062723c751e8b465ee728b)
Start importing Assets/AnimeNaturalEnvironment/Models/Plants/Plants_Patch.FBX using Guid(b018b240a684d794ba2738241e495f98) Importer(815301076,1909f56bfc062723c751e8b465ee728b)  -> (artifact id: '3d83e8ee2042fd9927f0b9a33dfb5c00') in 0.026579 seconds
Number of updated asset objects reloaded before import = 0
Number of asset objects unloaded after import = 10
========================================================================
Received Import Request.
  Time since last request: 0.000047 seconds.
  path: Assets/AnimeNaturalEnvironment/Models/Plants/GrassMesh.fbx
  artifactKey: Guid(100e01162318d524098998b5578573c1) Importer(815301076,1909f56bfc062723c751e8b465ee728b)
Start importing Assets/AnimeNaturalEnvironment/Models/Plants/GrassMesh.fbx using Guid(100e01162318d524098998b5578573c1) Importer(815301076,1909f56bfc062723c751e8b465ee728b)  -> (artifact id: '286c8063f38ee9cae9e8c5f7abf999d4') in 0.014044 seconds
Number of updated asset objects reloaded before import = 0
Number of asset objects unloaded after import = 7
========================================================================
Received Import Request.
  Time since last request: 2.616771 seconds.
  path: Assets/AnimeNaturalEnvironment/Models/Trees/BigTree.fbx
  artifactKey: Guid(d27ab0f2e7a81664a8c42749ab860d5d) Importer(815301076,1909f56bfc062723c751e8b465ee728b)
Start importing Assets/AnimeNaturalEnvironment/Models/Trees/BigTree.fbx using Guid(d27ab0f2e7a81664a8c42749ab860d5d) Importer(815301076,1909f56bfc062723c751e8b465ee728b)  -> (artifact id: '7d28232b64518646371c634817c71918') in 0.063260 seconds
Number of updated asset objects reloaded before import = 0
Number of asset objects unloaded after import = 30
========================================================================
Received Import Request.
  Time since last request: 0.000047 seconds.
  path: Assets/AnimeNaturalEnvironment/Models/Trees/Tree_03.fbx
  artifactKey: Guid(bbb0821cc21ed48468f53f63158c3480) Importer(815301076,1909f56bfc062723c751e8b465ee728b)
Start importing Assets/AnimeNaturalEnvironment/Models/Trees/Tree_03.fbx using Guid(bbb0821cc21ed48468f53f63158c3480) Importer(815301076,1909f56bfc062723c751e8b465ee728b)  -> (artifact id: '1697247ecca484e47bfbca2bdcb56993') in 0.030097 seconds
Number of updated asset objects reloaded before import = 0
Number of asset objects unloaded after import = 31
========================================================================
Received Import Request.
  Time since last request: 0.000038 seconds.
  path: Assets/AnimeNaturalEnvironment/Models/Trees/Tree_06.fbx
  artifactKey: Guid(f60128e12ef62134a83326598e0298a4) Importer(815301076,1909f56bfc062723c751e8b465ee728b)
Start importing Assets/AnimeNaturalEnvironment/Models/Trees/Tree_06.fbx using Guid(f60128e12ef62134a83326598e0298a4) Importer(815301076,1909f56bfc062723c751e8b465ee728b)  -> (artifact id: '25ee3f74a1ad62ae1520b77df6c81a99') in 0.024193 seconds
Number of updated asset objects reloaded before import = 0
Number of asset objects unloaded after import = 31
========================================================================
Received Import Request.
  Time since last request: 0.000044 seconds.
  path: Assets/AnimeNaturalEnvironment/Models/Trees/Tree_07.fbx
  artifactKey: Guid(a122328d5d55f2f4497e2babf86ee7ef) Importer(815301076,1909f56bfc062723c751e8b465ee728b)
Start importing Assets/AnimeNaturalEnvironment/Models/Trees/Tree_07.fbx using Guid(a122328d5d55f2f4497e2babf86ee7ef) Importer(815301076,1909f56bfc062723c751e8b465ee728b)  -> (artifact id: '11855551025aa475ab3819c8c4ae0061') in 0.022778 seconds
Number of updated asset objects reloaded before import = 0
Number of asset objects unloaded after import = 31
