Unity Editor version:    2022.3.21f1 (bf09ca542b87)
Branch:                  2022.3/staging
Build type:              Release
Batch mode:              YES
macOS version:           Version 15.3 (Build 24D5034f)
Darwin version:          24.3.0
Architecture:            arm64
Running under Rosetta:   NO
Available memory:        16384 MB
Using pre-set license
Pro License: YES

COMMAND LINE ARGUMENTS:
/Applications/Unity/Hub/Editor/2022.3.21f1/Unity.app/Contents/MacOS/Unity
-adb2
-batchMode
-noUpm
-name
AssetImportWorker1
-projectPath
/Users/serkanserter/popball/PopBall
-logFile
Logs/AssetImportWorker1.log
-srvPort
49189
Successfully changed project path to: /Users/serkanserter/popball/PopBall
/Users/serkanserter/popball/PopBall
[UnityMemory] Configuration Parameters - Can be set up in boot.config
    "memorysetup-bucket-allocator-granularity=16"
    "memorysetup-bucket-allocator-bucket-count=8"
    "memorysetup-bucket-allocator-block-size=33554432"
    "memorysetup-bucket-allocator-block-count=8"
    "memorysetup-main-allocator-block-size=16777216"
    "memorysetup-thread-allocator-block-size=16777216"
    "memorysetup-gfx-main-allocator-block-size=16777216"
    "memorysetup-gfx-thread-allocator-block-size=16777216"
    "memorysetup-cache-allocator-block-size=4194304"
    "memorysetup-typetree-allocator-block-size=2097152"
    "memorysetup-profiler-bucket-allocator-granularity=16"
    "memorysetup-profiler-bucket-allocator-bucket-count=8"
    "memorysetup-profiler-bucket-allocator-block-size=33554432"
    "memorysetup-profiler-bucket-allocator-block-count=8"
    "memorysetup-profiler-allocator-block-size=16777216"
    "memorysetup-profiler-editor-allocator-block-size=1048576"
    "memorysetup-temp-allocator-size-main=16777216"
    "memorysetup-job-temp-allocator-block-size=2097152"
    "memorysetup-job-temp-allocator-block-size-background=1048576"
    "memorysetup-job-temp-allocator-reduction-small-platforms=262144"
    "memorysetup-allocator-temp-initial-block-size-main=262144"
    "memorysetup-allocator-temp-initial-block-size-worker=262144"
    "memorysetup-temp-allocator-size-background-worker=32768"
    "memorysetup-temp-allocator-size-job-worker=262144"
    "memorysetup-temp-allocator-size-preload-manager=33554432"
    "memorysetup-temp-allocator-size-nav-mesh-worker=65536"
    "memorysetup-temp-allocator-size-audio-worker=65536"
    "memorysetup-temp-allocator-size-cloud-worker=32768"
    "memorysetup-temp-allocator-size-gi-baking-worker=262144"
    "memorysetup-temp-allocator-size-gfx=262144"
Player connection [8724662336] Host "[IP] 10.4.239.160 [Port] 0 [Flags] 2 [Guid] 3584643753 [EditorId] 3584643753 [Version] 1048832 [Id] OSXEditor(0,SERKAN-MacBook-Pro.local) [Debug] 1 [PackageName] OSXEditor [ProjectName] Editor" joined multi-casting on [225.0.0.222:54997]...

Player connection [8724662336] Host "[IP] 10.4.239.160 [Port] 0 [Flags] 2 [Guid] 3584643753 [EditorId] 3584643753 [Version] 1048832 [Id] OSXEditor(0,SERKAN-MacBook-Pro.local) [Debug] 1 [PackageName] OSXEditor [ProjectName] Editor" joined alternative multi-casting on [225.0.0.222:34997]...

[Physics::Module] Initialized MultithreadedJobDispatcher with 7 workers.
Refreshing native plugins compatible for Editor in 3.62 ms, found 2 plugins.
Preloading 0 native plugins for Editor in 0.00 ms.
Initialize engine version: 2022.3.21f1 (bf09ca542b87)
[Subsystems] Discovering subsystems at path /Applications/Unity/Hub/Editor/2022.3.21f1/Unity.app/Contents/Resources/UnitySubsystems
[Subsystems] Discovering subsystems at path /Users/serkanserter/popball/PopBall/Assets
GfxDevice: creating device client; threaded=0; jobified=0
 preferred device: Apple M2 (high power)
Metal devices available: 1
0: Apple M2 (high power)
Using device Apple M2 (high power)
Initializing Metal device caps: Apple M2
Initialize mono
Mono path[0] = '/Applications/Unity/Hub/Editor/2022.3.21f1/Unity.app/Contents/Managed'
Mono path[1] = '/Applications/Unity/Hub/Editor/2022.3.21f1/Unity.app/Contents/MonoBleedingEdge/lib/mono/unityjit-macos'
Mono config path = '/Applications/Unity/Hub/Editor/2022.3.21f1/Unity.app/Contents/MonoBleedingEdge/etc'
Using monoOptions --debugger-agent=transport=dt_socket,embedding=1,server=y,suspend=n,address=127.0.0.1:56256
Begin MonoManager ReloadAssembly
Registering precompiled unity dll's ...
Register platform support module: /Applications/Unity/Hub/Editor/2022.3.21f1/PlaybackEngines/WebGLSupport/UnityEditor.WebGL.Extensions.dll
Register platform support module: /Applications/Unity/Hub/Editor/2022.3.21f1/Unity.app/Contents/PlaybackEngines/MacStandaloneSupport/UnityEditor.OSXStandalone.Extensions.dll
Registered in 0.001049 seconds.
- Loaded All Assemblies, in  0.216 seconds
Native extension for OSXStandalone target not found
Native extension for WebGL target not found
Mono: successfully reloaded assembly
- Finished resetting the current domain, in  0.177 seconds
Domain Reload Profiling: 394ms
	BeginReloadAssembly (52ms)
		ExecutionOrderSort (0ms)
		DisableScriptedObjects (0ms)
		BackupInstance (0ms)
		ReleaseScriptingObjects (0ms)
		CreateAndSetChildDomain (0ms)
	RebuildCommonClasses (24ms)
	RebuildNativeTypeToScriptingClass (8ms)
	initialDomainReloadingComplete (31ms)
	LoadAllAssembliesAndSetupDomain (101ms)
		LoadAssemblies (52ms)
		RebuildTransferFunctionScriptingTraits (0ms)
		AnalyzeDomain (100ms)
			TypeCache.Refresh (99ms)
				TypeCache.ScanAssembly (89ms)
			ScanForSourceGeneratedMonoScriptInfo (0ms)
			ResolveRequiredComponents (0ms)
	FinalizeReload (178ms)
		ReleaseScriptCaches (0ms)
		RebuildScriptCaches (0ms)
		SetupLoadedEditorAssemblies (136ms)
			LogAssemblyErrors (0ms)
			InitializePlatformSupportModulesInManaged (5ms)
			SetLoadedEditorAssemblies (12ms)
			RefreshPlugins (0ms)
			BeforeProcessingInitializeOnLoad (1ms)
			ProcessInitializeOnLoadAttributes (87ms)
			ProcessInitializeOnLoadMethodAttributes (30ms)
			AfterProcessingInitializeOnLoad (0ms)
			EditorAssembliesLoaded (0ms)
		ExecutionOrderSort2 (0ms)
		AwakeInstancesAfterBackupRestoration (0ms)
========================================================================
Worker process is ready to serve import requests
Begin MonoManager ReloadAssembly
- Loaded All Assemblies, in  0.572 seconds
Refreshing native plugins compatible for Editor in 1.28 ms, found 2 plugins.
Native extension for OSXStandalone target not found
Native extension for WebGL target not found
Mono: successfully reloaded assembly
- Finished resetting the current domain, in  0.502 seconds
Domain Reload Profiling: 1071ms
	BeginReloadAssembly (199ms)
		ExecutionOrderSort (0ms)
		DisableScriptedObjects (3ms)
		BackupInstance (0ms)
		ReleaseScriptingObjects (0ms)
		CreateAndSetChildDomain (135ms)
	RebuildCommonClasses (26ms)
	RebuildNativeTypeToScriptingClass (8ms)
	initialDomainReloadingComplete (23ms)
	LoadAllAssembliesAndSetupDomain (313ms)
		LoadAssemblies (217ms)
		RebuildTransferFunctionScriptingTraits (0ms)
		AnalyzeDomain (133ms)
			TypeCache.Refresh (122ms)
				TypeCache.ScanAssembly (110ms)
			ScanForSourceGeneratedMonoScriptInfo (7ms)
			ResolveRequiredComponents (3ms)
	FinalizeReload (503ms)
		ReleaseScriptCaches (0ms)
		RebuildScriptCaches (0ms)
		SetupLoadedEditorAssemblies (386ms)
			LogAssemblyErrors (0ms)
			InitializePlatformSupportModulesInManaged (3ms)
			SetLoadedEditorAssemblies (4ms)
			RefreshPlugins (0ms)
			BeforeProcessingInitializeOnLoad (56ms)
			ProcessInitializeOnLoadAttributes (310ms)
			ProcessInitializeOnLoadMethodAttributes (13ms)
			AfterProcessingInitializeOnLoad (1ms)
			EditorAssembliesLoaded (0ms)
		ExecutionOrderSort2 (0ms)
		AwakeInstancesAfterBackupRestoration (2ms)
Launching external process: /Applications/Unity/Hub/Editor/2022.3.21f1/Unity.app/Contents/Tools/UnityShaderCompiler
Launched and connected shader compiler UnityShaderCompiler after 0.05 seconds
Refreshing native plugins compatible for Editor in 1.16 ms, found 2 plugins.
Preloading 0 native plugins for Editor in 0.00 ms.
Unloading 3108 Unused Serialized files (Serialized files now loaded: 0)
Unloading 33 unused Assets / (51.4 KB). Loaded Objects now: 3572.
Memory consumption went from 132.2 MB to 132.2 MB.
Total: 3.783708 ms (FindLiveObjects: 0.167542 ms CreateObjectMapping: 0.081958 ms MarkObjects: 3.448833 ms  DeleteObjects: 0.084750 ms)

AssetImportParameters requested are different than current active one (requested -> active):
  custom:container-demuxer-ogg: 62fdf1f143b41e24485cea50d1cbac27 -> 
  custom:video-decoder-ogg-theora: a1e56fd34408186e4bbccfd4996cb3dc -> 
  custom:CustomObjectIndexerAttribute: 9a22284fe3817be447336de3de66b15e -> 
  custom:container-demuxer-webm: 4f35f7cbe854078d1ac9338744f61a02 -> 
  custom:container-muxer-webm: aa71ff27fc2769a1b78a27578f13a17b -> 
  custom:video-decoder-webm-vp8: 9c59270c3fd7afecdb556c50c9e8de78 -> 
  custom:SearchIndexIgnoredProperties: e643bd26f0fe6173181afceb89e7c659 -> 
  custom:AudioImporter_EditorPlatform: 3918e3fc78b5a79bad01e8451be0beb8 -> 
  custom:framework-osx-AVFoundation: e770b220cccbd017edd2c1fefb359320 -> 
  custom:video-encoder-webm-vp8: eb34c28f22e8b96e1ab97ce403110664 -> 
  custom:audio-decoder-ogg-vorbis: bf7c407c2cedff20999df2af8eb42d56 -> 
  custom:audio-encoder-webm-vorbis: bf7c407c2cedff20999df2af8eb42d56 -> 
========================================================================
Received Import Request.
  Time since last request: 362.864843 seconds.
  path: Assets/Scripts/CoinFeatures.cs
  artifactKey: Guid(0d55da7f5a628453abb62963990b7736) Importer(815301076,1909f56bfc062723c751e8b465ee728b)
Start importing Assets/Scripts/CoinFeatures.cs using Guid(0d55da7f5a628453abb62963990b7736) Importer(815301076,1909f56bfc062723c751e8b465ee728b)  -> (artifact id: 'bafaf56f1b3962fc00e7b642d9a8933b') in 0.002586 seconds
Number of updated asset objects reloaded before import = 0
Number of asset objects unloaded after import = 0
========================================================================
Received Prepare
Begin MonoManager ReloadAssembly
Thread 0x31f987000 may have been prematurely finalized
- Loaded All Assemblies, in  0.253 seconds
Refreshing native plugins compatible for Editor in 0.63 ms, found 2 plugins.
Native extension for OSXStandalone target not found
Native extension for WebGL target not found
Mono: successfully reloaded assembly
- Finished resetting the current domain, in  0.678 seconds
Domain Reload Profiling: 931ms
	BeginReloadAssembly (83ms)
		ExecutionOrderSort (0ms)
		DisableScriptedObjects (2ms)
		BackupInstance (0ms)
		ReleaseScriptingObjects (0ms)
		CreateAndSetChildDomain (27ms)
	RebuildCommonClasses (22ms)
	RebuildNativeTypeToScriptingClass (8ms)
	initialDomainReloadingComplete (12ms)
	LoadAllAssembliesAndSetupDomain (129ms)
		LoadAssemblies (145ms)
		RebuildTransferFunctionScriptingTraits (0ms)
		AnalyzeDomain (14ms)
			TypeCache.Refresh (7ms)
				TypeCache.ScanAssembly (0ms)
			ScanForSourceGeneratedMonoScriptInfo (4ms)
			ResolveRequiredComponents (3ms)
	FinalizeReload (679ms)
		ReleaseScriptCaches (0ms)
		RebuildScriptCaches (0ms)
		SetupLoadedEditorAssemblies (274ms)
			LogAssemblyErrors (0ms)
			InitializePlatformSupportModulesInManaged (4ms)
			SetLoadedEditorAssemblies (3ms)
			RefreshPlugins (0ms)
			BeforeProcessingInitializeOnLoad (41ms)
			ProcessInitializeOnLoadAttributes (215ms)
			ProcessInitializeOnLoadMethodAttributes (10ms)
			AfterProcessingInitializeOnLoad (1ms)
			EditorAssembliesLoaded (0ms)
		ExecutionOrderSort2 (0ms)
		AwakeInstancesAfterBackupRestoration (3ms)
Refreshing native plugins compatible for Editor in 0.64 ms, found 2 plugins.
Preloading 0 native plugins for Editor in 0.00 ms.
Unloading 3100 Unused Serialized files (Serialized files now loaded: 0)
Unloading 24 unused Assets / (31.2 KB). Loaded Objects now: 3575.
Memory consumption went from 141.4 MB to 141.4 MB.
Total: 2.522708 ms (FindLiveObjects: 0.113417 ms CreateObjectMapping: 0.063000 ms MarkObjects: 2.308417 ms  DeleteObjects: 0.037666 ms)

Prepare: number of updated asset objects reloaded= 0
AssetImportParameters requested are different than current active one (requested -> active):
  custom:container-demuxer-ogg: 62fdf1f143b41e24485cea50d1cbac27 -> 
  custom:video-decoder-ogg-theora: a1e56fd34408186e4bbccfd4996cb3dc -> 
  custom:CustomObjectIndexerAttribute: 9a22284fe3817be447336de3de66b15e -> 
  custom:container-demuxer-webm: 4f35f7cbe854078d1ac9338744f61a02 -> 
  custom:container-muxer-webm: aa71ff27fc2769a1b78a27578f13a17b -> 
  custom:video-decoder-webm-vp8: 9c59270c3fd7afecdb556c50c9e8de78 -> 
  custom:SearchIndexIgnoredProperties: e643bd26f0fe6173181afceb89e7c659 -> 
  custom:AudioImporter_EditorPlatform: 3918e3fc78b5a79bad01e8451be0beb8 -> 
  custom:framework-osx-AVFoundation: e770b220cccbd017edd2c1fefb359320 -> 
  custom:video-encoder-webm-vp8: eb34c28f22e8b96e1ab97ce403110664 -> 
  custom:audio-decoder-ogg-vorbis: bf7c407c2cedff20999df2af8eb42d56 -> 
  custom:audio-encoder-webm-vorbis: bf7c407c2cedff20999df2af8eb42d56 -> 
========================================================================
Received Prepare
Begin MonoManager ReloadAssembly
Thread 0x3194c7000 may have been prematurely finalized
- Loaded All Assemblies, in  0.251 seconds
Refreshing native plugins compatible for Editor in 0.62 ms, found 2 plugins.
Native extension for OSXStandalone target not found
Native extension for WebGL target not found
Mono: successfully reloaded assembly
- Finished resetting the current domain, in  0.674 seconds
Domain Reload Profiling: 925ms
	BeginReloadAssembly (82ms)
		ExecutionOrderSort (0ms)
		DisableScriptedObjects (3ms)
		BackupInstance (0ms)
		ReleaseScriptingObjects (0ms)
		CreateAndSetChildDomain (28ms)
	RebuildCommonClasses (21ms)
	RebuildNativeTypeToScriptingClass (8ms)
	initialDomainReloadingComplete (12ms)
	LoadAllAssembliesAndSetupDomain (127ms)
		LoadAssemblies (143ms)
		RebuildTransferFunctionScriptingTraits (0ms)
		AnalyzeDomain (14ms)
			TypeCache.Refresh (7ms)
				TypeCache.ScanAssembly (0ms)
			ScanForSourceGeneratedMonoScriptInfo (4ms)
			ResolveRequiredComponents (3ms)
	FinalizeReload (675ms)
		ReleaseScriptCaches (0ms)
		RebuildScriptCaches (0ms)
		SetupLoadedEditorAssemblies (274ms)
			LogAssemblyErrors (0ms)
			InitializePlatformSupportModulesInManaged (4ms)
			SetLoadedEditorAssemblies (3ms)
			RefreshPlugins (0ms)
			BeforeProcessingInitializeOnLoad (42ms)
			ProcessInitializeOnLoadAttributes (216ms)
			ProcessInitializeOnLoadMethodAttributes (10ms)
			AfterProcessingInitializeOnLoad (1ms)
			EditorAssembliesLoaded (0ms)
		ExecutionOrderSort2 (0ms)
		AwakeInstancesAfterBackupRestoration (2ms)
Refreshing native plugins compatible for Editor in 0.66 ms, found 2 plugins.
Preloading 0 native plugins for Editor in 0.00 ms.
Unloading 3101 Unused Serialized files (Serialized files now loaded: 0)
Unloading 24 unused Assets / (31.0 KB). Loaded Objects now: 3578.
Memory consumption went from 151.9 MB to 151.9 MB.
Total: 2.490834 ms (FindLiveObjects: 0.126084 ms CreateObjectMapping: 0.086791 ms MarkObjects: 2.243583 ms  DeleteObjects: 0.033917 ms)

Prepare: number of updated asset objects reloaded= 0
AssetImportParameters requested are different than current active one (requested -> active):
  custom:container-demuxer-ogg: 62fdf1f143b41e24485cea50d1cbac27 -> 
  custom:video-decoder-ogg-theora: a1e56fd34408186e4bbccfd4996cb3dc -> 
  custom:CustomObjectIndexerAttribute: 9a22284fe3817be447336de3de66b15e -> 
  custom:container-demuxer-webm: 4f35f7cbe854078d1ac9338744f61a02 -> 
  custom:container-muxer-webm: aa71ff27fc2769a1b78a27578f13a17b -> 
  custom:video-decoder-webm-vp8: 9c59270c3fd7afecdb556c50c9e8de78 -> 
  custom:SearchIndexIgnoredProperties: e643bd26f0fe6173181afceb89e7c659 -> 
  custom:AudioImporter_EditorPlatform: 3918e3fc78b5a79bad01e8451be0beb8 -> 
  custom:framework-osx-AVFoundation: e770b220cccbd017edd2c1fefb359320 -> 
  custom:video-encoder-webm-vp8: eb34c28f22e8b96e1ab97ce403110664 -> 
  custom:audio-decoder-ogg-vorbis: bf7c407c2cedff20999df2af8eb42d56 -> 
  custom:audio-encoder-webm-vorbis: bf7c407c2cedff20999df2af8eb42d56 -> 
========================================================================
Received Prepare
Begin MonoManager ReloadAssembly
Thread 0x30515f000 may have been prematurely finalized
- Loaded All Assemblies, in  0.211 seconds
Refreshing native plugins compatible for Editor in 1.35 ms, found 2 plugins.
Native extension for OSXStandalone target not found
Native extension for WebGL target not found
Mono: successfully reloaded assembly
- Finished resetting the current domain, in  0.678 seconds
Domain Reload Profiling: 889ms
	BeginReloadAssembly (78ms)
		ExecutionOrderSort (0ms)
		DisableScriptedObjects (2ms)
		BackupInstance (0ms)
		ReleaseScriptingObjects (0ms)
		CreateAndSetChildDomain (25ms)
	RebuildCommonClasses (22ms)
	RebuildNativeTypeToScriptingClass (8ms)
	initialDomainReloadingComplete (12ms)
	LoadAllAssembliesAndSetupDomain (91ms)
		LoadAssemblies (112ms)
		RebuildTransferFunctionScriptingTraits (0ms)
		AnalyzeDomain (8ms)
			TypeCache.Refresh (5ms)
				TypeCache.ScanAssembly (0ms)
			ScanForSourceGeneratedMonoScriptInfo (0ms)
			ResolveRequiredComponents (3ms)
	FinalizeReload (678ms)
		ReleaseScriptCaches (0ms)
		RebuildScriptCaches (0ms)
		SetupLoadedEditorAssemblies (275ms)
			LogAssemblyErrors (0ms)
			InitializePlatformSupportModulesInManaged (4ms)
			SetLoadedEditorAssemblies (3ms)
			RefreshPlugins (0ms)
			BeforeProcessingInitializeOnLoad (41ms)
			ProcessInitializeOnLoadAttributes (217ms)
			ProcessInitializeOnLoadMethodAttributes (10ms)
			AfterProcessingInitializeOnLoad (1ms)
			EditorAssembliesLoaded (0ms)
		ExecutionOrderSort2 (0ms)
		AwakeInstancesAfterBackupRestoration (2ms)
Refreshing native plugins compatible for Editor in 0.63 ms, found 2 plugins.
Preloading 0 native plugins for Editor in 0.00 ms.
Unloading 3101 Unused Serialized files (Serialized files now loaded: 0)
Unloading 24 unused Assets / (31.1 KB). Loaded Objects now: 3581.
Memory consumption went from 162.2 MB to 162.2 MB.
Total: 2.612250 ms (FindLiveObjects: 0.125417 ms CreateObjectMapping: 0.102625 ms MarkObjects: 2.348375 ms  DeleteObjects: 0.035334 ms)

Prepare: number of updated asset objects reloaded= 0
AssetImportParameters requested are different than current active one (requested -> active):
  custom:container-demuxer-ogg: 62fdf1f143b41e24485cea50d1cbac27 -> 
  custom:video-decoder-ogg-theora: a1e56fd34408186e4bbccfd4996cb3dc -> 
  custom:CustomObjectIndexerAttribute: 9a22284fe3817be447336de3de66b15e -> 
  custom:container-demuxer-webm: 4f35f7cbe854078d1ac9338744f61a02 -> 
  custom:container-muxer-webm: aa71ff27fc2769a1b78a27578f13a17b -> 
  custom:video-decoder-webm-vp8: 9c59270c3fd7afecdb556c50c9e8de78 -> 
  custom:SearchIndexIgnoredProperties: e643bd26f0fe6173181afceb89e7c659 -> 
  custom:AudioImporter_EditorPlatform: 3918e3fc78b5a79bad01e8451be0beb8 -> 
  custom:framework-osx-AVFoundation: e770b220cccbd017edd2c1fefb359320 -> 
  custom:video-encoder-webm-vp8: eb34c28f22e8b96e1ab97ce403110664 -> 
  custom:audio-decoder-ogg-vorbis: bf7c407c2cedff20999df2af8eb42d56 -> 
  custom:audio-encoder-webm-vorbis: bf7c407c2cedff20999df2af8eb42d56 -> 
========================================================================
Received Prepare
Begin MonoManager ReloadAssembly
Thread 0x30515f000 may have been prematurely finalized
- Loaded All Assemblies, in  0.233 seconds
Refreshing native plugins compatible for Editor in 0.65 ms, found 2 plugins.
Native extension for OSXStandalone target not found
Native extension for WebGL target not found
Mono: successfully reloaded assembly
- Finished resetting the current domain, in  0.674 seconds
Domain Reload Profiling: 907ms
	BeginReloadAssembly (79ms)
		ExecutionOrderSort (0ms)
		DisableScriptedObjects (2ms)
		BackupInstance (0ms)
		ReleaseScriptingObjects (0ms)
		CreateAndSetChildDomain (26ms)
	RebuildCommonClasses (21ms)
	RebuildNativeTypeToScriptingClass (8ms)
	initialDomainReloadingComplete (12ms)
	LoadAllAssembliesAndSetupDomain (112ms)
		LoadAssemblies (133ms)
		RebuildTransferFunctionScriptingTraits (0ms)
		AnalyzeDomain (9ms)
			TypeCache.Refresh (6ms)
				TypeCache.ScanAssembly (0ms)
			ScanForSourceGeneratedMonoScriptInfo (0ms)
			ResolveRequiredComponents (3ms)
	FinalizeReload (674ms)
		ReleaseScriptCaches (0ms)
		RebuildScriptCaches (0ms)
		SetupLoadedEditorAssemblies (275ms)
			LogAssemblyErrors (0ms)
			InitializePlatformSupportModulesInManaged (3ms)
			SetLoadedEditorAssemblies (3ms)
			RefreshPlugins (0ms)
			BeforeProcessingInitializeOnLoad (41ms)
			ProcessInitializeOnLoadAttributes (217ms)
			ProcessInitializeOnLoadMethodAttributes (10ms)
			AfterProcessingInitializeOnLoad (1ms)
			EditorAssembliesLoaded (0ms)
		ExecutionOrderSort2 (0ms)
		AwakeInstancesAfterBackupRestoration (2ms)
Refreshing native plugins compatible for Editor in 0.65 ms, found 2 plugins.
Preloading 0 native plugins for Editor in 0.00 ms.
Unloading 3101 Unused Serialized files (Serialized files now loaded: 0)
Unloading 24 unused Assets / (31.1 KB). Loaded Objects now: 3584.
Memory consumption went from 172.5 MB to 172.5 MB.
Total: 2.546250 ms (FindLiveObjects: 0.141750 ms CreateObjectMapping: 0.098583 ms MarkObjects: 2.264500 ms  DeleteObjects: 0.040791 ms)

Prepare: number of updated asset objects reloaded= 0
AssetImportParameters requested are different than current active one (requested -> active):
  custom:container-demuxer-ogg: 62fdf1f143b41e24485cea50d1cbac27 -> 
  custom:video-decoder-ogg-theora: a1e56fd34408186e4bbccfd4996cb3dc -> 
  custom:CustomObjectIndexerAttribute: 9a22284fe3817be447336de3de66b15e -> 
  custom:container-demuxer-webm: 4f35f7cbe854078d1ac9338744f61a02 -> 
  custom:container-muxer-webm: aa71ff27fc2769a1b78a27578f13a17b -> 
  custom:video-decoder-webm-vp8: 9c59270c3fd7afecdb556c50c9e8de78 -> 
  custom:SearchIndexIgnoredProperties: e643bd26f0fe6173181afceb89e7c659 -> 
  custom:AudioImporter_EditorPlatform: 3918e3fc78b5a79bad01e8451be0beb8 -> 
  custom:framework-osx-AVFoundation: e770b220cccbd017edd2c1fefb359320 -> 
  custom:video-encoder-webm-vp8: eb34c28f22e8b96e1ab97ce403110664 -> 
  custom:audio-decoder-ogg-vorbis: bf7c407c2cedff20999df2af8eb42d56 -> 
  custom:audio-encoder-webm-vorbis: bf7c407c2cedff20999df2af8eb42d56 -> 
========================================================================
Received Prepare
Begin MonoManager ReloadAssembly
Thread 0x30515f000 may have been prematurely finalized
- Loaded All Assemblies, in  0.243 seconds
Refreshing native plugins compatible for Editor in 0.69 ms, found 2 plugins.
Native extension for OSXStandalone target not found
Native extension for WebGL target not found
Mono: successfully reloaded assembly
- Finished resetting the current domain, in  0.678 seconds
Domain Reload Profiling: 921ms
	BeginReloadAssembly (79ms)
		ExecutionOrderSort (0ms)
		DisableScriptedObjects (2ms)
		BackupInstance (0ms)
		ReleaseScriptingObjects (0ms)
		CreateAndSetChildDomain (26ms)
	RebuildCommonClasses (21ms)
	RebuildNativeTypeToScriptingClass (8ms)
	initialDomainReloadingComplete (13ms)
	LoadAllAssembliesAndSetupDomain (122ms)
		LoadAssemblies (136ms)
		RebuildTransferFunctionScriptingTraits (0ms)
		AnalyzeDomain (15ms)
			TypeCache.Refresh (8ms)
				TypeCache.ScanAssembly (0ms)
			ScanForSourceGeneratedMonoScriptInfo (4ms)
			ResolveRequiredComponents (3ms)
	FinalizeReload (678ms)
		ReleaseScriptCaches (0ms)
		RebuildScriptCaches (0ms)
		SetupLoadedEditorAssemblies (276ms)
			LogAssemblyErrors (0ms)
			InitializePlatformSupportModulesInManaged (3ms)
			SetLoadedEditorAssemblies (3ms)
			RefreshPlugins (0ms)
			BeforeProcessingInitializeOnLoad (41ms)
			ProcessInitializeOnLoadAttributes (218ms)
			ProcessInitializeOnLoadMethodAttributes (10ms)
			AfterProcessingInitializeOnLoad (1ms)
			EditorAssembliesLoaded (0ms)
		ExecutionOrderSort2 (0ms)
		AwakeInstancesAfterBackupRestoration (2ms)
Refreshing native plugins compatible for Editor in 0.71 ms, found 2 plugins.
Preloading 0 native plugins for Editor in 0.00 ms.
Unloading 3101 Unused Serialized files (Serialized files now loaded: 0)
Unloading 24 unused Assets / (31.2 KB). Loaded Objects now: 3587.
Memory consumption went from 182.8 MB to 182.8 MB.
Total: 2.335708 ms (FindLiveObjects: 0.117792 ms CreateObjectMapping: 0.054166 ms MarkObjects: 2.131417 ms  DeleteObjects: 0.031916 ms)

Prepare: number of updated asset objects reloaded= 0
AssetImportParameters requested are different than current active one (requested -> active):
  custom:container-demuxer-ogg: 62fdf1f143b41e24485cea50d1cbac27 -> 
  custom:video-decoder-ogg-theora: a1e56fd34408186e4bbccfd4996cb3dc -> 
  custom:CustomObjectIndexerAttribute: 9a22284fe3817be447336de3de66b15e -> 
  custom:container-demuxer-webm: 4f35f7cbe854078d1ac9338744f61a02 -> 
  custom:container-muxer-webm: aa71ff27fc2769a1b78a27578f13a17b -> 
  custom:video-decoder-webm-vp8: 9c59270c3fd7afecdb556c50c9e8de78 -> 
  custom:SearchIndexIgnoredProperties: e643bd26f0fe6173181afceb89e7c659 -> 
  custom:AudioImporter_EditorPlatform: 3918e3fc78b5a79bad01e8451be0beb8 -> 
  custom:framework-osx-AVFoundation: e770b220cccbd017edd2c1fefb359320 -> 
  custom:video-encoder-webm-vp8: eb34c28f22e8b96e1ab97ce403110664 -> 
  custom:audio-decoder-ogg-vorbis: bf7c407c2cedff20999df2af8eb42d56 -> 
  custom:audio-encoder-webm-vorbis: bf7c407c2cedff20999df2af8eb42d56 -> 
========================================================================
Received Prepare
Begin MonoManager ReloadAssembly
Thread 0x30515f000 may have been prematurely finalized
- Loaded All Assemblies, in  0.213 seconds
Refreshing native plugins compatible for Editor in 0.55 ms, found 2 plugins.
Native extension for OSXStandalone target not found
Native extension for WebGL target not found
Mono: successfully reloaded assembly
- Finished resetting the current domain, in  0.450 seconds
Domain Reload Profiling: 663ms
	BeginReloadAssembly (80ms)
		ExecutionOrderSort (0ms)
		DisableScriptedObjects (2ms)
		BackupInstance (0ms)
		ReleaseScriptingObjects (0ms)
		CreateAndSetChildDomain (26ms)
	RebuildCommonClasses (21ms)
	RebuildNativeTypeToScriptingClass (8ms)
	initialDomainReloadingComplete (12ms)
	LoadAllAssembliesAndSetupDomain (92ms)
		LoadAssemblies (112ms)
		RebuildTransferFunctionScriptingTraits (0ms)
		AnalyzeDomain (10ms)
			TypeCache.Refresh (5ms)
				TypeCache.ScanAssembly (0ms)
			ScanForSourceGeneratedMonoScriptInfo (0ms)
			ResolveRequiredComponents (3ms)
	FinalizeReload (450ms)
		ReleaseScriptCaches (0ms)
		RebuildScriptCaches (0ms)
		SetupLoadedEditorAssemblies (279ms)
			LogAssemblyErrors (0ms)
			InitializePlatformSupportModulesInManaged (4ms)
			SetLoadedEditorAssemblies (3ms)
			RefreshPlugins (0ms)
			BeforeProcessingInitializeOnLoad (41ms)
			ProcessInitializeOnLoadAttributes (221ms)
			ProcessInitializeOnLoadMethodAttributes (10ms)
			AfterProcessingInitializeOnLoad (1ms)
			EditorAssembliesLoaded (0ms)
		ExecutionOrderSort2 (0ms)
		AwakeInstancesAfterBackupRestoration (2ms)
Refreshing native plugins compatible for Editor in 0.59 ms, found 2 plugins.
Preloading 0 native plugins for Editor in 0.00 ms.
Unloading 3101 Unused Serialized files (Serialized files now loaded: 0)
Unloading 24 unused Assets / (31.2 KB). Loaded Objects now: 3590.
Memory consumption went from 193.1 MB to 193.1 MB.
Total: 2.308042 ms (FindLiveObjects: 0.165334 ms CreateObjectMapping: 0.084667 ms MarkObjects: 2.023292 ms  DeleteObjects: 0.034083 ms)

Prepare: number of updated asset objects reloaded= 0
AssetImportParameters requested are different than current active one (requested -> active):
  custom:container-demuxer-ogg: 62fdf1f143b41e24485cea50d1cbac27 -> 
  custom:video-decoder-ogg-theora: a1e56fd34408186e4bbccfd4996cb3dc -> 
  custom:CustomObjectIndexerAttribute: 9a22284fe3817be447336de3de66b15e -> 
  custom:container-demuxer-webm: 4f35f7cbe854078d1ac9338744f61a02 -> 
  custom:container-muxer-webm: aa71ff27fc2769a1b78a27578f13a17b -> 
  custom:video-decoder-webm-vp8: 9c59270c3fd7afecdb556c50c9e8de78 -> 
  custom:SearchIndexIgnoredProperties: e643bd26f0fe6173181afceb89e7c659 -> 
  custom:AudioImporter_EditorPlatform: 3918e3fc78b5a79bad01e8451be0beb8 -> 
  custom:framework-osx-AVFoundation: e770b220cccbd017edd2c1fefb359320 -> 
  custom:video-encoder-webm-vp8: eb34c28f22e8b96e1ab97ce403110664 -> 
  custom:audio-decoder-ogg-vorbis: bf7c407c2cedff20999df2af8eb42d56 -> 
  custom:audio-encoder-webm-vorbis: bf7c407c2cedff20999df2af8eb42d56 -> 
========================================================================
Received Prepare
Begin MonoManager ReloadAssembly
Thread 0x30515f000 may have been prematurely finalized
- Loaded All Assemblies, in  0.242 seconds
Refreshing native plugins compatible for Editor in 0.70 ms, found 2 plugins.
Native extension for OSXStandalone target not found
Native extension for WebGL target not found
Mono: successfully reloaded assembly
- Finished resetting the current domain, in  0.645 seconds
Domain Reload Profiling: 887ms
	BeginReloadAssembly (80ms)
		ExecutionOrderSort (0ms)
		DisableScriptedObjects (2ms)
		BackupInstance (0ms)
		ReleaseScriptingObjects (0ms)
		CreateAndSetChildDomain (26ms)
	RebuildCommonClasses (22ms)
	RebuildNativeTypeToScriptingClass (8ms)
	initialDomainReloadingComplete (12ms)
	LoadAllAssembliesAndSetupDomain (121ms)
		LoadAssemblies (137ms)
		RebuildTransferFunctionScriptingTraits (0ms)
		AnalyzeDomain (14ms)
			TypeCache.Refresh (7ms)
				TypeCache.ScanAssembly (0ms)
			ScanForSourceGeneratedMonoScriptInfo (4ms)
			ResolveRequiredComponents (3ms)
	FinalizeReload (645ms)
		ReleaseScriptCaches (0ms)
		RebuildScriptCaches (0ms)
		SetupLoadedEditorAssemblies (260ms)
			LogAssemblyErrors (0ms)
			InitializePlatformSupportModulesInManaged (3ms)
			SetLoadedEditorAssemblies (3ms)
			RefreshPlugins (0ms)
			BeforeProcessingInitializeOnLoad (38ms)
			ProcessInitializeOnLoadAttributes (206ms)
			ProcessInitializeOnLoadMethodAttributes (9ms)
			AfterProcessingInitializeOnLoad (0ms)
			EditorAssembliesLoaded (0ms)
		ExecutionOrderSort2 (0ms)
		AwakeInstancesAfterBackupRestoration (2ms)
Refreshing native plugins compatible for Editor in 0.63 ms, found 2 plugins.
Preloading 0 native plugins for Editor in 0.00 ms.
Unloading 3101 Unused Serialized files (Serialized files now loaded: 0)
Unloading 24 unused Assets / (31.1 KB). Loaded Objects now: 3593.
Memory consumption went from 203.4 MB to 203.3 MB.
Total: 2.087834 ms (FindLiveObjects: 0.111000 ms CreateObjectMapping: 0.051042 ms MarkObjects: 1.896083 ms  DeleteObjects: 0.029375 ms)

Prepare: number of updated asset objects reloaded= 0
AssetImportParameters requested are different than current active one (requested -> active):
  custom:container-demuxer-ogg: 62fdf1f143b41e24485cea50d1cbac27 -> 
  custom:video-decoder-ogg-theora: a1e56fd34408186e4bbccfd4996cb3dc -> 
  custom:CustomObjectIndexerAttribute: 9a22284fe3817be447336de3de66b15e -> 
  custom:container-demuxer-webm: 4f35f7cbe854078d1ac9338744f61a02 -> 
  custom:container-muxer-webm: aa71ff27fc2769a1b78a27578f13a17b -> 
  custom:video-decoder-webm-vp8: 9c59270c3fd7afecdb556c50c9e8de78 -> 
  custom:SearchIndexIgnoredProperties: e643bd26f0fe6173181afceb89e7c659 -> 
  custom:AudioImporter_EditorPlatform: 3918e3fc78b5a79bad01e8451be0beb8 -> 
  custom:framework-osx-AVFoundation: e770b220cccbd017edd2c1fefb359320 -> 
  custom:video-encoder-webm-vp8: eb34c28f22e8b96e1ab97ce403110664 -> 
  custom:audio-decoder-ogg-vorbis: bf7c407c2cedff20999df2af8eb42d56 -> 
  custom:audio-encoder-webm-vorbis: bf7c407c2cedff20999df2af8eb42d56 -> 
========================================================================
Received Import Request.
  Time since last request: 1484.761671 seconds.
  path: Assets/AnimeNaturalEnvironment/Materials/Cliff.mat
  artifactKey: Guid(17ad0142e76028c44a63fa22585050d3) Importer(815301076,1909f56bfc062723c751e8b465ee728b)
Start importing Assets/AnimeNaturalEnvironment/Materials/Cliff.mat using Guid(17ad0142e76028c44a63fa22585050d3) Importer(815301076,1909f56bfc062723c751e8b465ee728b)  -> (artifact id: 'b35daa0bbcf9b83c41c33efac85048fc') in 0.191725 seconds
Number of updated asset objects reloaded before import = 0
Number of asset objects unloaded after import = 3
========================================================================
Received Import Request.
  Time since last request: 0.002761 seconds.
  path: Assets/AnimeNaturalEnvironment/Materials/Flower_01.mat
  artifactKey: Guid(323a75cda3d85f14b94e2e3db4da073e) Importer(815301076,1909f56bfc062723c751e8b465ee728b)
Start importing Assets/AnimeNaturalEnvironment/Materials/Flower_01.mat using Guid(323a75cda3d85f14b94e2e3db4da073e) Importer(815301076,1909f56bfc062723c751e8b465ee728b)  -> (artifact id: 'a499d65ebe833f8f8fbbc09948bfd6a0') in 0.007045 seconds
Number of updated asset objects reloaded before import = 0
Number of asset objects unloaded after import = 3
========================================================================
Received Import Request.
  Time since last request: 0.007194 seconds.
  path: Assets/AnimeNaturalEnvironment/Materials/Small Ground.mat
  artifactKey: Guid(d6a78ec5f4b8f204e90760539cac5638) Importer(815301076,1909f56bfc062723c751e8b465ee728b)
Start importing Assets/AnimeNaturalEnvironment/Materials/Small Ground.mat using Guid(d6a78ec5f4b8f204e90760539cac5638) Importer(815301076,1909f56bfc062723c751e8b465ee728b)  -> (artifact id: 'b0dec39d8bf8cfa8dd92b6afcc2c16e7') in 0.007487 seconds
Number of updated asset objects reloaded before import = 0
Number of asset objects unloaded after import = 3
========================================================================
Received Import Request.
  Time since last request: 0.000069 seconds.
  path: Assets/AnimeNaturalEnvironment/Materials/Rock small.mat
  artifactKey: Guid(3fb3eafe941f2ae4bad35fe1cb853044) Importer(815301076,1909f56bfc062723c751e8b465ee728b)
Start importing Assets/AnimeNaturalEnvironment/Materials/Rock small.mat using Guid(3fb3eafe941f2ae4bad35fe1cb853044) Importer(815301076,1909f56bfc062723c751e8b465ee728b)  -> (artifact id: 'b5459a9cd7f50eef3fcf83f2cc895390') in 0.007845 seconds
Number of updated asset objects reloaded before import = 0
Number of asset objects unloaded after import = 3
========================================================================
Received Import Request.
  Time since last request: 0.000336 seconds.
  path: Assets/AnimeNaturalEnvironment/Materials/Flower_03.mat
  artifactKey: Guid(1ebca7ffa7cbaad4680df63c823aca3a) Importer(815301076,1909f56bfc062723c751e8b465ee728b)
Start importing Assets/AnimeNaturalEnvironment/Materials/Flower_03.mat using Guid(1ebca7ffa7cbaad4680df63c823aca3a) Importer(815301076,1909f56bfc062723c751e8b465ee728b)  -> (artifact id: '23886eff0f6a182adbe99de9d92f8f20') in 0.007858 seconds
Number of updated asset objects reloaded before import = 0
Number of asset objects unloaded after import = 3
========================================================================
Received Import Request.
  Time since last request: 0.000408 seconds.
  path: Assets/AnimeNaturalEnvironment/Materials/Foliage SimpleLit.mat
  artifactKey: Guid(245df9c2b8f3c5d4bbe4b5f64ec87177) Importer(815301076,1909f56bfc062723c751e8b465ee728b)
Start importing Assets/AnimeNaturalEnvironment/Materials/Foliage SimpleLit.mat using Guid(245df9c2b8f3c5d4bbe4b5f64ec87177) Importer(815301076,1909f56bfc062723c751e8b465ee728b)  -> (artifact id: '00d3861e6a455aee60823d566d7e1b1b') in 0.003656 seconds
Number of updated asset objects reloaded before import = 0
Number of asset objects unloaded after import = 2
========================================================================
Received Import Request.
  Time since last request: 0.000173 seconds.
  path: Assets/AnimeNaturalEnvironment/Materials/Foliage CustomLighting.mat
  artifactKey: Guid(b306747f766263b4fbe65bcc3be9f9ef) Importer(815301076,1909f56bfc062723c751e8b465ee728b)
Start importing Assets/AnimeNaturalEnvironment/Materials/Foliage CustomLighting.mat using Guid(b306747f766263b4fbe65bcc3be9f9ef) Importer(815301076,1909f56bfc062723c751e8b465ee728b)  -> (artifact id: '56d5e70f027c9e07ff1ff58b246a0294') in 0.006509 seconds
Number of updated asset objects reloaded before import = 0
Number of asset objects unloaded after import = 3
========================================================================
Received Import Request.
  Time since last request: 0.000039 seconds.
  path: Assets/AnimeNaturalEnvironment/Materials/Plane.mat
  artifactKey: Guid(596974339c0abd44db6d0ea615b0f22b) Importer(815301076,1909f56bfc062723c751e8b465ee728b)
Start importing Assets/AnimeNaturalEnvironment/Materials/Plane.mat using Guid(596974339c0abd44db6d0ea615b0f22b) Importer(815301076,1909f56bfc062723c751e8b465ee728b)  -> (artifact id: '927b48697e7e0ee1378f42f42521e98c') in 0.004141 seconds
Number of updated asset objects reloaded before import = 0
Number of asset objects unloaded after import = 2
========================================================================
Received Import Request.
  Time since last request: 0.000066 seconds.
  path: Assets/AnimeNaturalEnvironment/Materials/FLower_02.mat
  artifactKey: Guid(17e1d4bd3f1949c4dba523865a7ffcd3) Importer(815301076,1909f56bfc062723c751e8b465ee728b)
Start importing Assets/AnimeNaturalEnvironment/Materials/FLower_02.mat using Guid(17e1d4bd3f1949c4dba523865a7ffcd3) Importer(815301076,1909f56bfc062723c751e8b465ee728b)  -> (artifact id: '89407f0e47e4f8684c3769e87525be03') in 0.009712 seconds
Number of updated asset objects reloaded before import = 0
Number of asset objects unloaded after import = 3
========================================================================
Received Import Request.
  Time since last request: 0.000045 seconds.
  path: Assets/AnimeNaturalEnvironment/Materials/Plants.mat
  artifactKey: Guid(c625e07a44df27b439e56303363758b7) Importer(815301076,1909f56bfc062723c751e8b465ee728b)
Start importing Assets/AnimeNaturalEnvironment/Materials/Plants.mat using Guid(c625e07a44df27b439e56303363758b7) Importer(815301076,1909f56bfc062723c751e8b465ee728b)  -> (artifact id: 'a38a15059c6a6dcf0c38760668a27815') in 0.006698 seconds
Number of updated asset objects reloaded before import = 0
Number of asset objects unloaded after import = 3
========================================================================
Received Import Request.
  Time since last request: 0.000034 seconds.
  path: Assets/AnimeNaturalEnvironment/Materials/Rock.mat
  artifactKey: Guid(3aa2ce92be906f948aa1bf3154aa3b55) Importer(815301076,1909f56bfc062723c751e8b465ee728b)
Start importing Assets/AnimeNaturalEnvironment/Materials/Rock.mat using Guid(3aa2ce92be906f948aa1bf3154aa3b55) Importer(815301076,1909f56bfc062723c751e8b465ee728b)  -> (artifact id: 'ee43a2a70642709d42f3dfba89140a69') in 0.004942 seconds
Number of updated asset objects reloaded before import = 0
Number of asset objects unloaded after import = 3
========================================================================
Received Import Request.
  Time since last request: 0.000114 seconds.
  path: Assets/AnimeNaturalEnvironment/Materials/Foliage_Standard 1.mat
  artifactKey: Guid(25a568471fbfdb445b3f08078e8e1cb5) Importer(815301076,1909f56bfc062723c751e8b465ee728b)
Start importing Assets/AnimeNaturalEnvironment/Materials/Foliage_Standard 1.mat using Guid(25a568471fbfdb445b3f08078e8e1cb5) Importer(815301076,1909f56bfc062723c751e8b465ee728b)  -> (artifact id: 'dd49f9a8750d39cef75bf4b12b9c83ca') in 0.006352 seconds
Number of updated asset objects reloaded before import = 0
Number of asset objects unloaded after import = 3
========================================================================
Received Import Request.
  Time since last request: 28.162206 seconds.
  path: Assets/AnimeNaturalEnvironment/Textures/Ground/MainDemoTerrain Basemap Diffuse.png
  artifactKey: Guid(8bcbaf48343702c4a8e47b428ee36fe7) Importer(815301076,1909f56bfc062723c751e8b465ee728b)
Start importing Assets/AnimeNaturalEnvironment/Textures/Ground/MainDemoTerrain Basemap Diffuse.png using Guid(8bcbaf48343702c4a8e47b428ee36fe7) Importer(815301076,1909f56bfc062723c751e8b465ee728b)  -> (artifact id: 'd1e640d7b5900c59bf7ce73165139fa7') in 0.023748 seconds
Number of updated asset objects reloaded before import = 0
Number of asset objects unloaded after import = 2
========================================================================
Received Import Request.
  Time since last request: 18.589052 seconds.
  path: Assets/AnimeNaturalEnvironment/Materials/Grass Materials/MainDemoDepthFadeGrass.mat
  artifactKey: Guid(577b774b9cb6d374187e7ab0bdb1e10e) Importer(815301076,1909f56bfc062723c751e8b465ee728b)
Start importing Assets/AnimeNaturalEnvironment/Materials/Grass Materials/MainDemoDepthFadeGrass.mat using Guid(577b774b9cb6d374187e7ab0bdb1e10e) Importer(815301076,1909f56bfc062723c751e8b465ee728b)  -> (artifact id: 'f4993049f1db193275ddbc7f252410f5') in 0.006584 seconds
Number of updated asset objects reloaded before import = 0
Number of asset objects unloaded after import = 3
========================================================================
Received Import Request.
  Time since last request: 0.362656 seconds.
  path: Assets/AnimeNaturalEnvironment/Materials/Grass Materials/DepthFadeGrass 2.mat
  artifactKey: Guid(80de5255a62fbc04683f36771c9d77a8) Importer(815301076,1909f56bfc062723c751e8b465ee728b)
Start importing Assets/AnimeNaturalEnvironment/Materials/Grass Materials/DepthFadeGrass 2.mat using Guid(80de5255a62fbc04683f36771c9d77a8) Importer(815301076,1909f56bfc062723c751e8b465ee728b)  -> (artifact id: '726c7391c019c60d6e1f29f90ce0903d') in 0.005467 seconds
Number of updated asset objects reloaded before import = 0
Number of asset objects unloaded after import = 3
========================================================================
Received Import Request.
  Time since last request: 0.025101 seconds.
  path: Assets/AnimeNaturalEnvironment/Models/RockStyle2/Boulders/Boulder_03/Boulder_03.mat
  artifactKey: Guid(764edd3a20376b54fa69b1a0b6bbaf07) Importer(815301076,1909f56bfc062723c751e8b465ee728b)
Start importing Assets/AnimeNaturalEnvironment/Models/RockStyle2/Boulders/Boulder_03/Boulder_03.mat using Guid(764edd3a20376b54fa69b1a0b6bbaf07) Importer(815301076,1909f56bfc062723c751e8b465ee728b)  -> (artifact id: 'c5e56da5bc57992a893058ac0e3a148c') in 0.013110 seconds
Number of updated asset objects reloaded before import = 0
Number of asset objects unloaded after import = 4
========================================================================
Received Import Request.
  Time since last request: 0.000134 seconds.
  path: Assets/AnimeNaturalEnvironment/Models/RockStyle2/Boulders/Boulder_01/Boulder_01.mat
  artifactKey: Guid(cb3f11555287afc45b41a148e05e938c) Importer(815301076,1909f56bfc062723c751e8b465ee728b)
Start importing Assets/AnimeNaturalEnvironment/Models/RockStyle2/Boulders/Boulder_01/Boulder_01.mat using Guid(cb3f11555287afc45b41a148e05e938c) Importer(815301076,1909f56bfc062723c751e8b465ee728b)  -> (artifact id: '77ddec4248fb72acd0db83145d0ae1e7') in 0.008099 seconds
Number of updated asset objects reloaded before import = 0
Number of asset objects unloaded after import = 4
========================================================================
Received Import Request.
  Time since last request: 0.000046 seconds.
  path: Assets/AnimeNaturalEnvironment/Models/RockStyle2/Boulders/Boulder_05/Boulder_05.mat
  artifactKey: Guid(5ed02bec5e49713449204167ab511395) Importer(815301076,1909f56bfc062723c751e8b465ee728b)
Start importing Assets/AnimeNaturalEnvironment/Models/RockStyle2/Boulders/Boulder_05/Boulder_05.mat using Guid(5ed02bec5e49713449204167ab511395) Importer(815301076,1909f56bfc062723c751e8b465ee728b)  -> (artifact id: '5b58f12412cc54a88cf300421286df60') in 0.007291 seconds
Number of updated asset objects reloaded before import = 0
Number of asset objects unloaded after import = 4
========================================================================
Received Import Request.
  Time since last request: 52.390772 seconds.
  path: Assets/AnimeNaturalEnvironment/Textures/Plants/Flower_01.psd
  artifactKey: Guid(43f7645932c67a74b94bcf585e845a51) Importer(815301076,1909f56bfc062723c751e8b465ee728b)
Start importing Assets/AnimeNaturalEnvironment/Textures/Plants/Flower_01.psd using Guid(43f7645932c67a74b94bcf585e845a51) Importer(815301076,1909f56bfc062723c751e8b465ee728b)  -> (artifact id: '27d4337ea7b9d41105d61ed11a511455') in 0.011220 seconds
Number of updated asset objects reloaded before import = 0
Number of asset objects unloaded after import = 2
========================================================================
Received Import Request.
  Time since last request: 0.017760 seconds.
  path: Assets/AnimeNaturalEnvironment/Textures/Plants/Grass_01.psd
  artifactKey: Guid(d4184185abe0f40468339a506f49a9fb) Importer(815301076,1909f56bfc062723c751e8b465ee728b)
Start importing Assets/AnimeNaturalEnvironment/Textures/Plants/Grass_01.psd using Guid(d4184185abe0f40468339a506f49a9fb) Importer(815301076,1909f56bfc062723c751e8b465ee728b)  -> (artifact id: '5d4c2a6dca39698a094efa8c6f3b0a15') in 0.008698 seconds
Number of updated asset objects reloaded before import = 0
Number of asset objects unloaded after import = 2
========================================================================
Received Import Request.
  Time since last request: 0.002020 seconds.
  path: Assets/AnimeNaturalEnvironment/Textures/Plants/Flower_02.psd
  artifactKey: Guid(ccafcd57f63edf14fba0e06b8dfd5df6) Importer(815301076,1909f56bfc062723c751e8b465ee728b)
Start importing Assets/AnimeNaturalEnvironment/Textures/Plants/Flower_02.psd using Guid(ccafcd57f63edf14fba0e06b8dfd5df6) Importer(815301076,1909f56bfc062723c751e8b465ee728b)  -> (artifact id: 'a4ae79076aa2384ca425d04c58d3e6cf') in 0.007184 seconds
Number of updated asset objects reloaded before import = 0
Number of asset objects unloaded after import = 2
========================================================================
Received Import Request.
  Time since last request: 0.000039 seconds.
  path: Assets/AnimeNaturalEnvironment/Textures/Plants/Grass_02.psd
  artifactKey: Guid(546f3dcacf8a47f43a4ef40bdda24444) Importer(815301076,1909f56bfc062723c751e8b465ee728b)
Start importing Assets/AnimeNaturalEnvironment/Textures/Plants/Grass_02.psd using Guid(546f3dcacf8a47f43a4ef40bdda24444) Importer(815301076,1909f56bfc062723c751e8b465ee728b)  -> (artifact id: 'b7d214c6d5a386758202bee09df373ed') in 0.004200 seconds
Number of updated asset objects reloaded before import = 0
Number of asset objects unloaded after import = 2
========================================================================
Received Import Request.
  Time since last request: 26.414215 seconds.
  path: Assets/AnimeNaturalEnvironment/Textures/Ground/Materials/MainDemoTerrain Basemap Diffuse.mat
  artifactKey: Guid(a2d02cf7196d04895b363942b2ce2f68) Importer(815301076,1909f56bfc062723c751e8b465ee728b)
Start importing Assets/AnimeNaturalEnvironment/Textures/Ground/Materials/MainDemoTerrain Basemap Diffuse.mat using Guid(a2d02cf7196d04895b363942b2ce2f68) Importer(815301076,1909f56bfc062723c751e8b465ee728b)  -> (artifact id: '1cf1637abdf16277e02c7f2c3c1e8383') in 0.018214 seconds
Number of updated asset objects reloaded before import = 0
Number of asset objects unloaded after import = 2
========================================================================
Received Import Request.
  Time since last request: 30.783049 seconds.
  path: Assets/AnimeNaturalEnvironment/Prefabs/Branches/Branch_02.prefab
  artifactKey: Guid(13a3426b9ce7abd4cab14a320eb973da) Importer(815301076,1909f56bfc062723c751e8b465ee728b)
Start importing Assets/AnimeNaturalEnvironment/Prefabs/Branches/Branch_02.prefab using Guid(13a3426b9ce7abd4cab14a320eb973da) Importer(815301076,1909f56bfc062723c751e8b465ee728b)  -> (artifact id: '3781e942fd145a1630fde10be60c9196') in 0.019032 seconds
Number of updated asset objects reloaded before import = 0
Number of asset objects unloaded after import = 19
========================================================================
Received Import Request.
  Time since last request: 1.671310 seconds.
  path: Assets/AnimeNaturalEnvironment/Prefabs/DemoResources/Mountain.prefab
  artifactKey: Guid(5a932f8721890ce4ea09d4086b243952) Importer(815301076,1909f56bfc062723c751e8b465ee728b)
Start importing Assets/AnimeNaturalEnvironment/Prefabs/DemoResources/Mountain.prefab using Guid(5a932f8721890ce4ea09d4086b243952) Importer(815301076,1909f56bfc062723c751e8b465ee728b)  -> (artifact id: '1d29da5f1780716233a4ac59aedcb6e2') in 0.014001 seconds
Number of updated asset objects reloaded before import = 0
Number of asset objects unloaded after import = 9
========================================================================
Received Import Request.
  Time since last request: 0.814838 seconds.
  path: Assets/AnimeNaturalEnvironment/Prefabs/Plants/Flower.prefab
  artifactKey: Guid(89f0beab0c0b7f641b34db2fb986cdda) Importer(815301076,1909f56bfc062723c751e8b465ee728b)
Start importing Assets/AnimeNaturalEnvironment/Prefabs/Plants/Flower.prefab using Guid(89f0beab0c0b7f641b34db2fb986cdda) Importer(815301076,1909f56bfc062723c751e8b465ee728b)  -> (artifact id: 'd5acadbf07aabf3165f6188c679b4834') in 0.016814 seconds
Number of updated asset objects reloaded before import = 0
Number of asset objects unloaded after import = 10
========================================================================
Received Import Request.
  Time since last request: 0.021331 seconds.
  path: Assets/AnimeNaturalEnvironment/Prefabs/Plants/Flower_02.prefab
  artifactKey: Guid(22c86116f5bb717419de7db6da654cfb) Importer(815301076,1909f56bfc062723c751e8b465ee728b)
Start importing Assets/AnimeNaturalEnvironment/Prefabs/Plants/Flower_02.prefab using Guid(22c86116f5bb717419de7db6da654cfb) Importer(815301076,1909f56bfc062723c751e8b465ee728b)  -> (artifact id: 'c639f2bbe25fd3e7ffd0af38b7177605') in 0.009579 seconds
Number of updated asset objects reloaded before import = 0
Number of asset objects unloaded after import = 10
========================================================================
Received Import Request.
  Time since last request: 0.000337 seconds.
  path: Assets/AnimeNaturalEnvironment/Prefabs/Plants/Plant_04.prefab
  artifactKey: Guid(9d3a95050b299284d9f43cb431934609) Importer(815301076,1909f56bfc062723c751e8b465ee728b)
Start importing Assets/AnimeNaturalEnvironment/Prefabs/Plants/Plant_04.prefab using Guid(9d3a95050b299284d9f43cb431934609) Importer(815301076,1909f56bfc062723c751e8b465ee728b)  -> (artifact id: '7183aaefbb377437326f79c3153d6ec9') in 0.008029 seconds
Number of updated asset objects reloaded before import = 0
Number of asset objects unloaded after import = 10
========================================================================
Received Import Request.
  Time since last request: 0.000572 seconds.
  path: Assets/AnimeNaturalEnvironment/Prefabs/Plants/Flower_01.prefab
  artifactKey: Guid(0955aa7537163ec42a5c5afc02700b95) Importer(815301076,1909f56bfc062723c751e8b465ee728b)
Start importing Assets/AnimeNaturalEnvironment/Prefabs/Plants/Flower_01.prefab using Guid(0955aa7537163ec42a5c5afc02700b95) Importer(815301076,1909f56bfc062723c751e8b465ee728b)  -> (artifact id: '91c430fcf222998940a665dcdad82b94') in 0.007385 seconds
Number of updated asset objects reloaded before import = 0
Number of asset objects unloaded after import = 10
========================================================================
Received Import Request.
  Time since last request: 0.000226 seconds.
  path: Assets/AnimeNaturalEnvironment/Prefabs/Plants/Plants_Patch.prefab
  artifactKey: Guid(65291c8a18f74be4e98cb45bfd1e1fc9) Importer(815301076,1909f56bfc062723c751e8b465ee728b)
Start importing Assets/AnimeNaturalEnvironment/Prefabs/Plants/Plants_Patch.prefab using Guid(65291c8a18f74be4e98cb45bfd1e1fc9) Importer(815301076,1909f56bfc062723c751e8b465ee728b)  -> (artifact id: 'f6daa3ad5232997be0a316cf6c8fe3ad') in 0.006296 seconds
Number of updated asset objects reloaded before import = 0
Number of asset objects unloaded after import = 10
========================================================================
Received Import Request.
  Time since last request: 2.058059 seconds.
  path: Assets/AnimeNaturalEnvironment/Prefabs/RockStyle1/Rock_02.prefab
  artifactKey: Guid(e49d5fac79bcfd8449333a2579e96c37) Importer(815301076,1909f56bfc062723c751e8b465ee728b)
Start importing Assets/AnimeNaturalEnvironment/Prefabs/RockStyle1/Rock_02.prefab using Guid(e49d5fac79bcfd8449333a2579e96c37) Importer(815301076,1909f56bfc062723c751e8b465ee728b)  -> (artifact id: 'f50338813266de76cd4efb5e83b7a744') in 0.019460 seconds
Number of updated asset objects reloaded before import = 0
Number of asset objects unloaded after import = 11
========================================================================
Received Import Request.
  Time since last request: 0.000044 seconds.
  path: Assets/AnimeNaturalEnvironment/Prefabs/RockStyle1/Rock_04.prefab
  artifactKey: Guid(e86d0c65ab40806458d1ef1ef695108d) Importer(815301076,1909f56bfc062723c751e8b465ee728b)
Start importing Assets/AnimeNaturalEnvironment/Prefabs/RockStyle1/Rock_04.prefab using Guid(e86d0c65ab40806458d1ef1ef695108d) Importer(815301076,1909f56bfc062723c751e8b465ee728b)  -> (artifact id: 'cb8320624dfbf8d7afd2ecb0cbd2415a') in 0.007689 seconds
Number of updated asset objects reloaded before import = 0
Number of asset objects unloaded after import = 11
========================================================================
Received Import Request.
  Time since last request: 1.306592 seconds.
  path: Assets/AnimeNaturalEnvironment/Prefabs/RockStyle2/Boulder_02_Mesh.prefab
  artifactKey: Guid(805d0e57de781894c8966cb1816c696b) Importer(815301076,1909f56bfc062723c751e8b465ee728b)
Start importing Assets/AnimeNaturalEnvironment/Prefabs/RockStyle2/Boulder_02_Mesh.prefab using Guid(805d0e57de781894c8966cb1816c696b) Importer(815301076,1909f56bfc062723c751e8b465ee728b)  -> (artifact id: '8f4a2a2f4dba658505c50eba7de94161') in 0.025982 seconds
Number of updated asset objects reloaded before import = 0
Number of asset objects unloaded after import = 33
========================================================================
Received Import Request.
  Time since last request: 0.000082 seconds.
  path: Assets/AnimeNaturalEnvironment/Prefabs/RockStyle2/Rock_01_Mesh.prefab
  artifactKey: Guid(7fb16c7bc0ce13042a72311b08d72b2a) Importer(815301076,1909f56bfc062723c751e8b465ee728b)
Start importing Assets/AnimeNaturalEnvironment/Prefabs/RockStyle2/Rock_01_Mesh.prefab using Guid(7fb16c7bc0ce13042a72311b08d72b2a) Importer(815301076,1909f56bfc062723c751e8b465ee728b)  -> (artifact id: 'a9864ff6961cf9aa686658f1413a233d') in 0.034990 seconds
Number of updated asset objects reloaded before import = 0
Number of asset objects unloaded after import = 17
========================================================================
Received Import Request.
  Time since last request: 0.000038 seconds.
  path: Assets/AnimeNaturalEnvironment/Prefabs/RockStyle2/Rock_05_Mesh.prefab
  artifactKey: Guid(eb913b1dfd872a64a85a6a261f354210) Importer(815301076,1909f56bfc062723c751e8b465ee728b)
Start importing Assets/AnimeNaturalEnvironment/Prefabs/RockStyle2/Rock_05_Mesh.prefab using Guid(eb913b1dfd872a64a85a6a261f354210) Importer(815301076,1909f56bfc062723c751e8b465ee728b)  -> (artifact id: '9a172998821b6252686f877ca800a194') in 0.008840 seconds
Number of updated asset objects reloaded before import = 0
Number of asset objects unloaded after import = 17
========================================================================
Received Import Request.
  Time since last request: 0.000203 seconds.
  path: Assets/AnimeNaturalEnvironment/Prefabs/RockStyle2/Boulder_05_Mesh.prefab
  artifactKey: Guid(2402c9a1e2861db4b9f72b644de5caff) Importer(815301076,1909f56bfc062723c751e8b465ee728b)
Start importing Assets/AnimeNaturalEnvironment/Prefabs/RockStyle2/Boulder_05_Mesh.prefab using Guid(2402c9a1e2861db4b9f72b644de5caff) Importer(815301076,1909f56bfc062723c751e8b465ee728b)  -> (artifact id: 'e95eacdc07def4b99f9912f5cb1c1015') in 0.014238 seconds
Number of updated asset objects reloaded before import = 0
Number of asset objects unloaded after import = 33
========================================================================
Received Import Request.
  Time since last request: 0.000033 seconds.
  path: Assets/AnimeNaturalEnvironment/Prefabs/RockStyle2/Boulder_03_Mesh.prefab
  artifactKey: Guid(05ede0d129798784281212e60d5c48f1) Importer(815301076,1909f56bfc062723c751e8b465ee728b)
Start importing Assets/AnimeNaturalEnvironment/Prefabs/RockStyle2/Boulder_03_Mesh.prefab using Guid(05ede0d129798784281212e60d5c48f1) Importer(815301076,1909f56bfc062723c751e8b465ee728b)  -> (artifact id: '92fce8341e63396c3bd0720df1881bd7') in 0.014519 seconds
Number of updated asset objects reloaded before import = 0
Number of asset objects unloaded after import = 33
========================================================================
Received Import Request.
  Time since last request: 0.000049 seconds.
  path: Assets/AnimeNaturalEnvironment/Prefabs/RockStyle2/Rock_02_Mesh.prefab
  artifactKey: Guid(bea23b00634eade4cb258e9427a12ace) Importer(815301076,1909f56bfc062723c751e8b465ee728b)
Start importing Assets/AnimeNaturalEnvironment/Prefabs/RockStyle2/Rock_02_Mesh.prefab using Guid(bea23b00634eade4cb258e9427a12ace) Importer(815301076,1909f56bfc062723c751e8b465ee728b)  -> (artifact id: '8ab30db038079c514390727025bdac30') in 0.010866 seconds
Number of updated asset objects reloaded before import = 0
Number of asset objects unloaded after import = 17
========================================================================
Received Import Request.
  Time since last request: 0.497619 seconds.
  path: Assets/AnimeNaturalEnvironment/Prefabs/Trees/Tree_01.prefab
  artifactKey: Guid(db18f21f84fbd3b4686fc36c7e2d2350) Importer(815301076,1909f56bfc062723c751e8b465ee728b)
Start importing Assets/AnimeNaturalEnvironment/Prefabs/Trees/Tree_01.prefab using Guid(db18f21f84fbd3b4686fc36c7e2d2350) Importer(815301076,1909f56bfc062723c751e8b465ee728b)  -> (artifact id: '990dd17e847007c6092f9ea97c3bbf23') in 0.016277 seconds
Number of updated asset objects reloaded before import = 0
Number of asset objects unloaded after import = 33
========================================================================
Received Import Request.
  Time since last request: 0.000071 seconds.
  path: Assets/AnimeNaturalEnvironment/Prefabs/Trees/Tree_07.prefab
  artifactKey: Guid(9f74e843f52367041a17833aab12a235) Importer(815301076,1909f56bfc062723c751e8b465ee728b)
Start importing Assets/AnimeNaturalEnvironment/Prefabs/Trees/Tree_07.prefab using Guid(9f74e843f52367041a17833aab12a235) Importer(815301076,1909f56bfc062723c751e8b465ee728b)  -> (artifact id: '24c32d3ac92bfda0ed0a949b36d2830c') in 0.010290 seconds
Number of updated asset objects reloaded before import = 0
Number of asset objects unloaded after import = 33
========================================================================
Received Import Request.
  Time since last request: 0.000133 seconds.
  path: Assets/AnimeNaturalEnvironment/Prefabs/Trees/Tree_06.prefab
  artifactKey: Guid(888dc2efa2f69a44e9bf984e1c138494) Importer(815301076,1909f56bfc062723c751e8b465ee728b)
Start importing Assets/AnimeNaturalEnvironment/Prefabs/Trees/Tree_06.prefab using Guid(888dc2efa2f69a44e9bf984e1c138494) Importer(815301076,1909f56bfc062723c751e8b465ee728b)  -> (artifact id: '44008bdcfa1b6ed1d53107ddd4503cf4') in 0.011185 seconds
Number of updated asset objects reloaded before import = 0
Number of asset objects unloaded after import = 33
========================================================================
Received Import Request.
  Time since last request: 0.000049 seconds.
  path: Assets/AnimeNaturalEnvironment/Prefabs/Trees/Tree_05.prefab
  artifactKey: Guid(56fe665ec36aba14abf8c3e35b3e7b5f) Importer(815301076,1909f56bfc062723c751e8b465ee728b)
Start importing Assets/AnimeNaturalEnvironment/Prefabs/Trees/Tree_05.prefab using Guid(56fe665ec36aba14abf8c3e35b3e7b5f) Importer(815301076,1909f56bfc062723c751e8b465ee728b)  -> (artifact id: '9fa726eccdff5f821e52d3d2677edb6c') in 0.009516 seconds
Number of updated asset objects reloaded before import = 0
Number of asset objects unloaded after import = 33
========================================================================
Received Import Request.
  Time since last request: 54.620131 seconds.
  path: Assets/AnimeNaturalEnvironment/Prefabs/Plants/Grass/Grass_01.prefab
  artifactKey: Guid(4ae3c4ca2edaf5b42b27bf3243dbdbd0) Importer(815301076,1909f56bfc062723c751e8b465ee728b)
Start importing Assets/AnimeNaturalEnvironment/Prefabs/Plants/Grass/Grass_01.prefab using Guid(4ae3c4ca2edaf5b42b27bf3243dbdbd0) Importer(815301076,1909f56bfc062723c751e8b465ee728b)  -> (artifact id: '6b1965ec8523b458f3fe1d2fcd355191') in 0.008079 seconds
Number of updated asset objects reloaded before import = 0
Number of asset objects unloaded after import = 10
========================================================================
Received Import Request.
  Time since last request: 0.000051 seconds.
  path: Assets/AnimeNaturalEnvironment/Prefabs/Plants/Grass/Grass_02.prefab
  artifactKey: Guid(22d4c37aab9130944a76d41c6e7646b1) Importer(815301076,1909f56bfc062723c751e8b465ee728b)
Start importing Assets/AnimeNaturalEnvironment/Prefabs/Plants/Grass/Grass_02.prefab using Guid(22d4c37aab9130944a76d41c6e7646b1) Importer(815301076,1909f56bfc062723c751e8b465ee728b)  -> (artifact id: 'e04926ccfcec233c4ef2de48e7aa039f') in 0.005103 seconds
Number of updated asset objects reloaded before import = 0
Number of asset objects unloaded after import = 10
========================================================================
Received Import Request.
  Time since last request: 10.425427 seconds.
  path: Assets/AnimeNaturalEnvironment/Models/Branches/Branch_02.fbx
  artifactKey: Guid(0dc2d457d77609649822727ca429fbcb) Importer(815301076,1909f56bfc062723c751e8b465ee728b)
Start importing Assets/AnimeNaturalEnvironment/Models/Branches/Branch_02.fbx using Guid(0dc2d457d77609649822727ca429fbcb) Importer(815301076,1909f56bfc062723c751e8b465ee728b)  -> (artifact id: 'c24f0313659032f6d9085e299b7d910e') in 0.059344 seconds
Number of updated asset objects reloaded before import = 0
Number of asset objects unloaded after import = 18
========================================================================
Received Import Request.
  Time since last request: 2.911821 seconds.
  path: Assets/AnimeNaturalEnvironment/Models/Plants/Flower.asset
  artifactKey: Guid(042548387ae4edd41be9d9258117da73) Importer(815301076,1909f56bfc062723c751e8b465ee728b)
Start importing Assets/AnimeNaturalEnvironment/Models/Plants/Flower.asset using Guid(042548387ae4edd41be9d9258117da73) Importer(815301076,1909f56bfc062723c751e8b465ee728b)  -> (artifact id: '65ca056c4d2af4a4b6c86b30074384f3') in 0.030262 seconds
Number of updated asset objects reloaded before import = 0
Number of asset objects unloaded after import = 2
========================================================================
Received Import Request.
  Time since last request: 0.000136 seconds.
  path: Assets/AnimeNaturalEnvironment/Models/Plants/Plant_05.fbx
  artifactKey: Guid(0f7415f0c30836644aec227f6c70abe7) Importer(815301076,1909f56bfc062723c751e8b465ee728b)
Start importing Assets/AnimeNaturalEnvironment/Models/Plants/Plant_05.fbx using Guid(0f7415f0c30836644aec227f6c70abe7) Importer(815301076,1909f56bfc062723c751e8b465ee728b)  -> (artifact id: 'b787daee2843ea06ef509ecf0e58dfe0') in 0.011199 seconds
Number of updated asset objects reloaded before import = 0
Number of asset objects unloaded after import = 10
========================================================================
Received Import Request.
  Time since last request: 0.000042 seconds.
  path: Assets/AnimeNaturalEnvironment/Models/Plants/Plant_01.fbx
  artifactKey: Guid(73b752919f134804ea00f0976ad225db) Importer(815301076,1909f56bfc062723c751e8b465ee728b)
Start importing Assets/AnimeNaturalEnvironment/Models/Plants/Plant_01.fbx using Guid(73b752919f134804ea00f0976ad225db) Importer(815301076,1909f56bfc062723c751e8b465ee728b)  -> (artifact id: 'aa87e93fd1920aed1c984d755426966a') in 0.010732 seconds
Number of updated asset objects reloaded before import = 0
Number of asset objects unloaded after import = 10
========================================================================
Received Import Request.
  Time since last request: 0.000036 seconds.
  path: Assets/AnimeNaturalEnvironment/Models/Plants/Plant_04.fbx
  artifactKey: Guid(eb3312995ca8caf4bb95d92f45733d25) Importer(815301076,1909f56bfc062723c751e8b465ee728b)
Start importing Assets/AnimeNaturalEnvironment/Models/Plants/Plant_04.fbx using Guid(eb3312995ca8caf4bb95d92f45733d25) Importer(815301076,1909f56bfc062723c751e8b465ee728b)  -> (artifact id: '8017826b4187c98093b952cd1a1c5baf') in 0.009174 seconds
Number of updated asset objects reloaded before import = 0
Number of asset objects unloaded after import = 10
========================================================================
Received Import Request.
  Time since last request: 0.000035 seconds.
  path: Assets/AnimeNaturalEnvironment/Models/Plants/Plant_03.fbx
  artifactKey: Guid(ac6f5605a0c3bce41b554cb8b4389340) Importer(815301076,1909f56bfc062723c751e8b465ee728b)
Start importing Assets/AnimeNaturalEnvironment/Models/Plants/Plant_03.fbx using Guid(ac6f5605a0c3bce41b554cb8b4389340) Importer(815301076,1909f56bfc062723c751e8b465ee728b)  -> (artifact id: '71a8a65376221942226fa92d2ac323c1') in 0.009579 seconds
Number of updated asset objects reloaded before import = 0
Number of asset objects unloaded after import = 10
========================================================================
Received Import Request.
  Time since last request: 2.627256 seconds.
  path: Assets/AnimeNaturalEnvironment/Models/Trees/Tree_01.fbx
  artifactKey: Guid(3bd1776e6d3123444aaa53dc60bf4113) Importer(815301076,1909f56bfc062723c751e8b465ee728b)
Start importing Assets/AnimeNaturalEnvironment/Models/Trees/Tree_01.fbx using Guid(3bd1776e6d3123444aaa53dc60bf4113) Importer(815301076,1909f56bfc062723c751e8b465ee728b)  -> (artifact id: 'fdd4d5ec15bb987eec67c2b524bf028d') in 0.055074 seconds
Number of updated asset objects reloaded before import = 0
Number of asset objects unloaded after import = 31
========================================================================
Received Import Request.
  Time since last request: 0.000046 seconds.
  path: Assets/AnimeNaturalEnvironment/Models/Trees/Tree_05.fbx
  artifactKey: Guid(85e365c81750fdd448e11f54d69f3935) Importer(815301076,1909f56bfc062723c751e8b465ee728b)
Start importing Assets/AnimeNaturalEnvironment/Models/Trees/Tree_05.fbx using Guid(85e365c81750fdd448e11f54d69f3935) Importer(815301076,1909f56bfc062723c751e8b465ee728b)  -> (artifact id: '4c4ada457de5ccac44db41aa88858ee9') in 0.032464 seconds
Number of updated asset objects reloaded before import = 0
Number of asset objects unloaded after import = 31
========================================================================
Received Import Request.
  Time since last request: 0.000031 seconds.
  path: Assets/AnimeNaturalEnvironment/Models/Trees/Tree_02.fbx
  artifactKey: Guid(bf37579b29ef0cb4281cb50547db66c8) Importer(815301076,1909f56bfc062723c751e8b465ee728b)
Start importing Assets/AnimeNaturalEnvironment/Models/Trees/Tree_02.fbx using Guid(bf37579b29ef0cb4281cb50547db66c8) Importer(815301076,1909f56bfc062723c751e8b465ee728b)  -> (artifact id: '4e0da8ba844f7731980a61e72e845c37') in 0.028130 seconds
Number of updated asset objects reloaded before import = 0
Number of asset objects unloaded after import = 31
========================================================================
Received Import Request.
  Time since last request: 0.000029 seconds.
  path: Assets/AnimeNaturalEnvironment/Models/Trees/Tree_04.fbx
  artifactKey: Guid(66f9965e8090fea4f96b5316840afaa2) Importer(815301076,1909f56bfc062723c751e8b465ee728b)
Start importing Assets/AnimeNaturalEnvironment/Models/Trees/Tree_04.fbx using Guid(66f9965e8090fea4f96b5316840afaa2) Importer(815301076,1909f56bfc062723c751e8b465ee728b)  -> (artifact id: '37f3d35d808339c16038cf7297c7eb8e') in 0.024755 seconds
Number of updated asset objects reloaded before import = 0
Number of asset objects unloaded after import = 31
